mode: set
backend/internal/service/auth.go:37.37,43.2 1 0
backend/internal/service/auth.go:45.73,47.16 2 0
backend/internal/service/auth.go:47.16,49.3 1 0
backend/internal/service/auth.go:50.2,51.12 2 0
backend/internal/service/auth.go:54.87,55.55 1 0
backend/internal/service/auth.go:55.55,57.26 2 0
backend/internal/service/auth.go:57.26,60.4 2 0
backend/internal/service/auth.go:62.3,62.49 1 0
backend/internal/service/auth.go:62.49,65.4 2 0
backend/internal/service/auth.go:67.3,67.111 1 0
backend/internal/service/auth.go:67.111,70.4 2 0
backend/internal/service/auth.go:72.3,72.13 1 0
backend/internal/service/auth.go:76.92,78.16 2 0
backend/internal/service/auth.go:78.16,81.3 2 0
backend/internal/service/auth.go:83.2,84.16 2 0
backend/internal/service/auth.go:84.16,87.3 2 0
backend/internal/service/auth.go:89.2,89.19 1 0
backend/internal/service/auth.go:92.99,94.86 2 0
backend/internal/service/auth.go:94.86,97.3 2 0
backend/internal/service/auth.go:99.2,100.16 2 0
backend/internal/service/auth.go:100.16,103.3 2 0
backend/internal/service/auth.go:105.2,105.19 1 0
backend/internal/service/auth/mocks/refresh_tokens_repo_mock.go:16.104,19.2 2 0
backend/internal/service/auth/mocks/refresh_tokens_repo_mock.go:21.131,23.23 2 0
backend/internal/service/auth/mocks/refresh_tokens_repo_mock.go:23.23,25.3 1 0
backend/internal/service/auth/mocks/refresh_tokens_repo_mock.go:26.2,26.62 1 0
backend/internal/service/auth/mocks/refresh_tokens_repo_mock.go:29.104,32.2 2 0
backend/internal/service/auth/mocks/refresh_tokens_repo_mock.go:34.98,37.2 2 0
backend/internal/service/auth/mocks/refresh_tokens_repo_mock.go:42.33,45.19 3 0
backend/internal/service/auth/mocks/refresh_tokens_repo_mock.go:45.19,45.46 1 0
backend/internal/service/auth/mocks/refresh_tokens_repo_mock.go:46.2,46.10 1 0
backend/internal/service/auth/mocks/tasks_repo_mock.go:14.80,17.2 2 0
backend/internal/service/auth/mocks/tasks_repo_mock.go:22.21,25.19 3 0
backend/internal/service/auth/mocks/tasks_repo_mock.go:25.19,25.46 1 0
backend/internal/service/auth/mocks/tasks_repo_mock.go:26.2,26.10 1 0
backend/internal/service/auth/mocks/trx_manager_mock.go:17.93,20.19 2 0
backend/internal/service/auth/mocks/trx_manager_mock.go:20.19,21.44 1 0
backend/internal/service/auth/mocks/trx_manager_mock.go:24.2,25.89 2 0
backend/internal/service/auth/mocks/trx_manager_mock.go:25.89,27.3 1 0
backend/internal/service/auth/mocks/trx_manager_mock.go:27.8,29.3 1 0
backend/internal/service/auth/mocks/trx_manager_mock.go:31.2,31.11 1 0
backend/internal/service/auth/mocks/trx_manager_mock.go:39.24,43.19 3 0
backend/internal/service/auth/mocks/trx_manager_mock.go:43.19,43.49 1 0
backend/internal/service/auth/mocks/trx_manager_mock.go:45.2,45.13 1 0
backend/internal/service/auth/mocks/user_info_repo_mock.go:20.94,23.19 2 0
backend/internal/service/auth/mocks/user_info_repo_mock.go:23.19,24.48 1 0
backend/internal/service/auth/mocks/user_info_repo_mock.go:27.2,28.80 2 0
backend/internal/service/auth/mocks/user_info_repo_mock.go:28.80,30.3 1 0
backend/internal/service/auth/mocks/user_info_repo_mock.go:30.8,32.3 1 0
backend/internal/service/auth/mocks/user_info_repo_mock.go:34.2,34.11 1 0
backend/internal/service/auth/mocks/user_info_repo_mock.go:38.122,41.19 2 0
backend/internal/service/auth/mocks/user_info_repo_mock.go:41.19,42.45 1 0
backend/internal/service/auth/mocks/user_info_repo_mock.go:45.2,47.108 3 0
backend/internal/service/auth/mocks/user_info_repo_mock.go:47.108,49.3 1 0
backend/internal/service/auth/mocks/user_info_repo_mock.go:50.2,50.99 1 0
backend/internal/service/auth/mocks/user_info_repo_mock.go:50.99,52.3 1 0
backend/internal/service/auth/mocks/user_info_repo_mock.go:52.8,53.24 1 0
backend/internal/service/auth/mocks/user_info_repo_mock.go:53.24,55.4 1 0
backend/internal/service/auth/mocks/user_info_repo_mock.go:58.2,58.86 1 0
backend/internal/service/auth/mocks/user_info_repo_mock.go:58.86,60.3 1 0
backend/internal/service/auth/mocks/user_info_repo_mock.go:60.8,62.3 1 0
backend/internal/service/auth/mocks/user_info_repo_mock.go:64.2,64.15 1 0
backend/internal/service/auth/mocks/user_info_repo_mock.go:68.94,71.19 2 0
backend/internal/service/auth/mocks/user_info_repo_mock.go:71.19,72.48 1 0
backend/internal/service/auth/mocks/user_info_repo_mock.go:75.2,76.80 2 0
backend/internal/service/auth/mocks/user_info_repo_mock.go:76.80,78.3 1 0
backend/internal/service/auth/mocks/user_info_repo_mock.go:78.8,80.3 1 0
backend/internal/service/auth/mocks/user_info_repo_mock.go:82.2,82.11 1 0
backend/internal/service/auth/mocks/user_info_repo_mock.go:90.24,94.19 3 0
backend/internal/service/auth/mocks/user_info_repo_mock.go:94.19,94.49 1 0
backend/internal/service/auth/mocks/user_info_repo_mock.go:96.2,96.13 1 0
backend/internal/service/auth/mocks/verification_codes_repo_mock.go:15.112,18.2 2 0
backend/internal/service/auth/mocks/verification_codes_repo_mock.go:20.149,22.23 2 0
backend/internal/service/auth/mocks/verification_codes_repo_mock.go:22.23,24.3 1 0
backend/internal/service/auth/mocks/verification_codes_repo_mock.go:25.2,25.66 1 0
backend/internal/service/auth/mocks/verification_codes_repo_mock.go:28.96,31.2 2 0
backend/internal/service/auth/mocks/verification_codes_repo_mock.go:36.37,39.19 3 0
backend/internal/service/auth/mocks/verification_codes_repo_mock.go:39.19,39.46 1 0
backend/internal/service/auth/mocks/verification_codes_repo_mock.go:40.2,40.10 1 0
backend/internal/service/crud/mocks/exercises_repo_mock.go:21.95,23.19 2 0
backend/internal/service/crud/mocks/exercises_repo_mock.go:23.19,24.48 1 0
backend/internal/service/crud/mocks/exercises_repo_mock.go:26.2,27.80 2 0
backend/internal/service/crud/mocks/exercises_repo_mock.go:27.80,29.3 1 0
backend/internal/service/crud/mocks/exercises_repo_mock.go:29.8,31.3 1 0
backend/internal/service/crud/mocks/exercises_repo_mock.go:32.2,32.11 1 0
backend/internal/service/crud/mocks/exercises_repo_mock.go:36.123,38.19 2 0
backend/internal/service/crud/mocks/exercises_repo_mock.go:38.19,39.45 1 0
backend/internal/service/crud/mocks/exercises_repo_mock.go:41.2,43.108 3 0
backend/internal/service/crud/mocks/exercises_repo_mock.go:43.108,45.3 1 0
backend/internal/service/crud/mocks/exercises_repo_mock.go:46.2,46.99 1 0
backend/internal/service/crud/mocks/exercises_repo_mock.go:46.99,48.3 1 0
backend/internal/service/crud/mocks/exercises_repo_mock.go:48.8,49.24 1 0
backend/internal/service/crud/mocks/exercises_repo_mock.go:49.24,51.4 1 0
backend/internal/service/crud/mocks/exercises_repo_mock.go:53.2,53.86 1 0
backend/internal/service/crud/mocks/exercises_repo_mock.go:53.86,55.3 1 0
backend/internal/service/crud/mocks/exercises_repo_mock.go:55.8,57.3 1 0
backend/internal/service/crud/mocks/exercises_repo_mock.go:58.2,58.15 1 0
backend/internal/service/crud/mocks/exercises_repo_mock.go:62.95,64.19 2 0
backend/internal/service/crud/mocks/exercises_repo_mock.go:64.19,65.48 1 0
backend/internal/service/crud/mocks/exercises_repo_mock.go:67.2,68.80 2 0
backend/internal/service/crud/mocks/exercises_repo_mock.go:68.80,70.3 1 0
backend/internal/service/crud/mocks/exercises_repo_mock.go:70.8,72.3 1 0
backend/internal/service/crud/mocks/exercises_repo_mock.go:73.2,73.11 1 0
backend/internal/service/crud/mocks/exercises_repo_mock.go:77.88,79.19 2 0
backend/internal/service/crud/mocks/exercises_repo_mock.go:79.19,80.48 1 0
backend/internal/service/crud/mocks/exercises_repo_mock.go:82.2,83.80 2 0
backend/internal/service/crud/mocks/exercises_repo_mock.go:83.80,85.3 1 0
backend/internal/service/crud/mocks/exercises_repo_mock.go:85.8,87.3 1 0
backend/internal/service/crud/mocks/exercises_repo_mock.go:88.2,88.11 1 0
backend/internal/service/crud/mocks/exercises_repo_mock.go:92.126,94.19 2 0
backend/internal/service/crud/mocks/exercises_repo_mock.go:94.19,95.46 1 0
backend/internal/service/crud/mocks/exercises_repo_mock.go:97.2,99.110 3 0
backend/internal/service/crud/mocks/exercises_repo_mock.go:99.110,101.3 1 0
backend/internal/service/crud/mocks/exercises_repo_mock.go:102.2,102.101 1 0
backend/internal/service/crud/mocks/exercises_repo_mock.go:102.101,104.3 1 0
backend/internal/service/crud/mocks/exercises_repo_mock.go:104.8,105.24 1 0
backend/internal/service/crud/mocks/exercises_repo_mock.go:105.24,107.4 1 0
backend/internal/service/crud/mocks/exercises_repo_mock.go:109.2,109.86 1 0
backend/internal/service/crud/mocks/exercises_repo_mock.go:109.86,111.3 1 0
backend/internal/service/crud/mocks/exercises_repo_mock.go:111.8,113.3 1 0
backend/internal/service/crud/mocks/exercises_repo_mock.go:114.2,114.15 1 0
backend/internal/service/crud/mocks/exercises_repo_mock.go:121.25,124.19 3 0
backend/internal/service/crud/mocks/exercises_repo_mock.go:124.19,124.49 1 0
backend/internal/service/crud/mocks/exercises_repo_mock.go:125.2,125.13 1 0
backend/internal/service/crud/mocks/trx_manager_mock.go:17.93,20.19 2 0
backend/internal/service/crud/mocks/trx_manager_mock.go:20.19,21.44 1 0
backend/internal/service/crud/mocks/trx_manager_mock.go:24.2,25.89 2 0
backend/internal/service/crud/mocks/trx_manager_mock.go:25.89,27.3 1 0
backend/internal/service/crud/mocks/trx_manager_mock.go:27.8,29.3 1 0
backend/internal/service/crud/mocks/trx_manager_mock.go:31.2,31.11 1 0
backend/internal/service/crud/mocks/trx_manager_mock.go:39.24,43.19 3 0
backend/internal/service/crud/mocks/trx_manager_mock.go:43.19,43.49 1 0
backend/internal/service/crud/mocks/trx_manager_mock.go:45.2,45.13 1 0
backend/internal/service/crud/mocks/user_calories_repo_mock.go:21.96,24.19 2 0
backend/internal/service/crud/mocks/user_calories_repo_mock.go:24.19,25.48 1 0
backend/internal/service/crud/mocks/user_calories_repo_mock.go:28.2,29.84 2 0
backend/internal/service/crud/mocks/user_calories_repo_mock.go:29.84,31.3 1 0
backend/internal/service/crud/mocks/user_calories_repo_mock.go:31.8,33.3 1 0
backend/internal/service/crud/mocks/user_calories_repo_mock.go:35.2,35.11 1 0
backend/internal/service/crud/mocks/user_calories_repo_mock.go:39.118,42.19 2 0
backend/internal/service/crud/mocks/user_calories_repo_mock.go:42.19,43.45 1 0
backend/internal/service/crud/mocks/user_calories_repo_mock.go:46.2,48.110 3 0
backend/internal/service/crud/mocks/user_calories_repo_mock.go:48.110,50.3 1 0
backend/internal/service/crud/mocks/user_calories_repo_mock.go:51.2,51.101 1 0
backend/internal/service/crud/mocks/user_calories_repo_mock.go:51.101,53.3 1 0
backend/internal/service/crud/mocks/user_calories_repo_mock.go:53.8,54.24 1 0
backend/internal/service/crud/mocks/user_calories_repo_mock.go:54.24,56.4 1 0
backend/internal/service/crud/mocks/user_calories_repo_mock.go:59.2,59.84 1 0
backend/internal/service/crud/mocks/user_calories_repo_mock.go:59.84,61.3 1 0
backend/internal/service/crud/mocks/user_calories_repo_mock.go:61.8,63.3 1 0
backend/internal/service/crud/mocks/user_calories_repo_mock.go:65.2,65.15 1 0
backend/internal/service/crud/mocks/user_calories_repo_mock.go:69.121,72.19 2 0
backend/internal/service/crud/mocks/user_calories_repo_mock.go:72.19,73.46 1 0
backend/internal/service/crud/mocks/user_calories_repo_mock.go:76.2,78.112 3 0
backend/internal/service/crud/mocks/user_calories_repo_mock.go:78.112,80.3 1 0
backend/internal/service/crud/mocks/user_calories_repo_mock.go:81.2,81.103 1 0
backend/internal/service/crud/mocks/user_calories_repo_mock.go:81.103,83.3 1 0
backend/internal/service/crud/mocks/user_calories_repo_mock.go:83.8,84.24 1 0
backend/internal/service/crud/mocks/user_calories_repo_mock.go:84.24,86.4 1 0
backend/internal/service/crud/mocks/user_calories_repo_mock.go:89.2,89.84 1 0
backend/internal/service/crud/mocks/user_calories_repo_mock.go:89.84,91.3 1 0
backend/internal/service/crud/mocks/user_calories_repo_mock.go:91.8,93.3 1 0
backend/internal/service/crud/mocks/user_calories_repo_mock.go:95.2,95.15 1 0
backend/internal/service/crud/mocks/user_calories_repo_mock.go:99.96,102.19 2 0
backend/internal/service/crud/mocks/user_calories_repo_mock.go:102.19,103.48 1 0
backend/internal/service/crud/mocks/user_calories_repo_mock.go:106.2,107.84 2 0
backend/internal/service/crud/mocks/user_calories_repo_mock.go:107.84,109.3 1 0
backend/internal/service/crud/mocks/user_calories_repo_mock.go:109.8,111.3 1 0
backend/internal/service/crud/mocks/user_calories_repo_mock.go:113.2,113.11 1 0
backend/internal/service/crud/mocks/user_calories_repo_mock.go:117.95,120.19 2 0
backend/internal/service/crud/mocks/user_calories_repo_mock.go:120.19,121.48 1 0
backend/internal/service/crud/mocks/user_calories_repo_mock.go:124.2,125.84 2 0
backend/internal/service/crud/mocks/user_calories_repo_mock.go:125.84,127.3 1 0
backend/internal/service/crud/mocks/user_calories_repo_mock.go:127.8,129.3 1 0
backend/internal/service/crud/mocks/user_calories_repo_mock.go:131.2,131.11 1 0
backend/internal/service/crud/mocks/user_calories_repo_mock.go:139.28,143.19 3 0
backend/internal/service/crud/mocks/user_calories_repo_mock.go:143.19,143.49 1 0
backend/internal/service/crud/mocks/user_calories_repo_mock.go:145.2,145.13 1 0
backend/internal/service/crud/mocks/user_info_repo_mock.go:21.94,24.19 2 0
backend/internal/service/crud/mocks/user_info_repo_mock.go:24.19,25.48 1 0
backend/internal/service/crud/mocks/user_info_repo_mock.go:28.2,29.80 2 0
backend/internal/service/crud/mocks/user_info_repo_mock.go:29.80,31.3 1 0
backend/internal/service/crud/mocks/user_info_repo_mock.go:31.8,33.3 1 0
backend/internal/service/crud/mocks/user_info_repo_mock.go:35.2,35.11 1 0
backend/internal/service/crud/mocks/user_info_repo_mock.go:39.87,42.19 2 0
backend/internal/service/crud/mocks/user_info_repo_mock.go:42.19,43.48 1 0
backend/internal/service/crud/mocks/user_info_repo_mock.go:46.2,47.80 2 0
backend/internal/service/crud/mocks/user_info_repo_mock.go:47.80,49.3 1 0
backend/internal/service/crud/mocks/user_info_repo_mock.go:49.8,51.3 1 0
backend/internal/service/crud/mocks/user_info_repo_mock.go:53.2,53.11 1 0
backend/internal/service/crud/mocks/user_info_repo_mock.go:57.122,60.19 2 0
backend/internal/service/crud/mocks/user_info_repo_mock.go:60.19,61.45 1 0
backend/internal/service/crud/mocks/user_info_repo_mock.go:64.2,66.108 3 0
backend/internal/service/crud/mocks/user_info_repo_mock.go:66.108,68.3 1 0
backend/internal/service/crud/mocks/user_info_repo_mock.go:69.2,69.99 1 0
backend/internal/service/crud/mocks/user_info_repo_mock.go:69.99,71.3 1 0
backend/internal/service/crud/mocks/user_info_repo_mock.go:71.8,72.24 1 0
backend/internal/service/crud/mocks/user_info_repo_mock.go:72.24,74.4 1 0
backend/internal/service/crud/mocks/user_info_repo_mock.go:77.2,77.86 1 0
backend/internal/service/crud/mocks/user_info_repo_mock.go:77.86,79.3 1 0
backend/internal/service/crud/mocks/user_info_repo_mock.go:79.8,81.3 1 0
backend/internal/service/crud/mocks/user_info_repo_mock.go:83.2,83.15 1 0
backend/internal/service/crud/mocks/user_info_repo_mock.go:87.94,90.19 2 0
backend/internal/service/crud/mocks/user_info_repo_mock.go:90.19,91.48 1 0
backend/internal/service/crud/mocks/user_info_repo_mock.go:94.2,95.80 2 0
backend/internal/service/crud/mocks/user_info_repo_mock.go:95.80,97.3 1 0
backend/internal/service/crud/mocks/user_info_repo_mock.go:97.8,99.3 1 0
backend/internal/service/crud/mocks/user_info_repo_mock.go:101.2,101.11 1 0
backend/internal/service/crud/mocks/user_info_repo_mock.go:109.24,113.19 3 0
backend/internal/service/crud/mocks/user_info_repo_mock.go:113.19,113.49 1 0
backend/internal/service/crud/mocks/user_info_repo_mock.go:115.2,115.13 1 0
backend/internal/service/crud/mocks/user_params_repo_mock.go:21.100,24.19 2 0
backend/internal/service/crud/mocks/user_params_repo_mock.go:24.19,25.48 1 0
backend/internal/service/crud/mocks/user_params_repo_mock.go:28.2,29.82 2 0
backend/internal/service/crud/mocks/user_params_repo_mock.go:29.82,31.3 1 0
backend/internal/service/crud/mocks/user_params_repo_mock.go:31.8,33.3 1 0
backend/internal/service/crud/mocks/user_params_repo_mock.go:35.2,35.11 1 0
backend/internal/service/crud/mocks/user_params_repo_mock.go:39.91,42.19 2 0
backend/internal/service/crud/mocks/user_params_repo_mock.go:42.19,43.48 1 0
backend/internal/service/crud/mocks/user_params_repo_mock.go:46.2,47.82 2 0
backend/internal/service/crud/mocks/user_params_repo_mock.go:47.82,49.3 1 0
backend/internal/service/crud/mocks/user_params_repo_mock.go:49.8,51.3 1 0
backend/internal/service/crud/mocks/user_params_repo_mock.go:53.2,53.11 1 0
backend/internal/service/crud/mocks/user_params_repo_mock.go:57.128,60.19 2 0
backend/internal/service/crud/mocks/user_params_repo_mock.go:60.19,61.45 1 0
backend/internal/service/crud/mocks/user_params_repo_mock.go:64.2,66.112 3 0
backend/internal/service/crud/mocks/user_params_repo_mock.go:66.112,68.3 1 0
backend/internal/service/crud/mocks/user_params_repo_mock.go:69.2,69.103 1 0
backend/internal/service/crud/mocks/user_params_repo_mock.go:69.103,71.3 1 0
backend/internal/service/crud/mocks/user_params_repo_mock.go:71.8,72.24 1 0
backend/internal/service/crud/mocks/user_params_repo_mock.go:72.24,74.4 1 0
backend/internal/service/crud/mocks/user_params_repo_mock.go:77.2,77.88 1 0
backend/internal/service/crud/mocks/user_params_repo_mock.go:77.88,79.3 1 0
backend/internal/service/crud/mocks/user_params_repo_mock.go:79.8,81.3 1 0
backend/internal/service/crud/mocks/user_params_repo_mock.go:83.2,83.15 1 0
backend/internal/service/crud/mocks/user_params_repo_mock.go:87.100,90.19 2 0
backend/internal/service/crud/mocks/user_params_repo_mock.go:90.19,91.48 1 0
backend/internal/service/crud/mocks/user_params_repo_mock.go:94.2,95.82 2 0
backend/internal/service/crud/mocks/user_params_repo_mock.go:95.82,97.3 1 0
backend/internal/service/crud/mocks/user_params_repo_mock.go:97.8,99.3 1 0
backend/internal/service/crud/mocks/user_params_repo_mock.go:101.2,101.11 1 0
backend/internal/service/crud/mocks/user_params_repo_mock.go:109.26,113.19 3 0
backend/internal/service/crud/mocks/user_params_repo_mock.go:113.19,113.49 1 0
backend/internal/service/crud/mocks/user_params_repo_mock.go:115.2,115.13 1 0
backend/internal/service/crud/mocks/user_weight_repo_mock.go:21.100,24.19 2 0
backend/internal/service/crud/mocks/user_weight_repo_mock.go:24.19,25.48 1 0
backend/internal/service/crud/mocks/user_weight_repo_mock.go:28.2,29.82 2 0
backend/internal/service/crud/mocks/user_weight_repo_mock.go:29.82,31.3 1 0
backend/internal/service/crud/mocks/user_weight_repo_mock.go:31.8,33.3 1 0
backend/internal/service/crud/mocks/user_weight_repo_mock.go:35.2,35.11 1 0
backend/internal/service/crud/mocks/user_weight_repo_mock.go:39.91,42.19 2 0
backend/internal/service/crud/mocks/user_weight_repo_mock.go:42.19,43.48 1 0
backend/internal/service/crud/mocks/user_weight_repo_mock.go:46.2,47.82 2 0
backend/internal/service/crud/mocks/user_weight_repo_mock.go:47.82,49.3 1 0
backend/internal/service/crud/mocks/user_weight_repo_mock.go:49.8,51.3 1 0
backend/internal/service/crud/mocks/user_weight_repo_mock.go:53.2,53.11 1 0
backend/internal/service/crud/mocks/user_weight_repo_mock.go:57.128,60.19 2 0
backend/internal/service/crud/mocks/user_weight_repo_mock.go:60.19,61.45 1 0
backend/internal/service/crud/mocks/user_weight_repo_mock.go:64.2,66.112 3 0
backend/internal/service/crud/mocks/user_weight_repo_mock.go:66.112,68.3 1 0
backend/internal/service/crud/mocks/user_weight_repo_mock.go:69.2,69.103 1 0
backend/internal/service/crud/mocks/user_weight_repo_mock.go:69.103,71.3 1 0
backend/internal/service/crud/mocks/user_weight_repo_mock.go:71.8,72.24 1 0
backend/internal/service/crud/mocks/user_weight_repo_mock.go:72.24,74.4 1 0
backend/internal/service/crud/mocks/user_weight_repo_mock.go:77.2,77.88 1 0
backend/internal/service/crud/mocks/user_weight_repo_mock.go:77.88,79.3 1 0
backend/internal/service/crud/mocks/user_weight_repo_mock.go:79.8,81.3 1 0
backend/internal/service/crud/mocks/user_weight_repo_mock.go:83.2,83.15 1 0
backend/internal/service/crud/mocks/user_weight_repo_mock.go:87.131,90.19 2 0
backend/internal/service/crud/mocks/user_weight_repo_mock.go:90.19,91.46 1 0
backend/internal/service/crud/mocks/user_weight_repo_mock.go:94.2,96.114 3 0
backend/internal/service/crud/mocks/user_weight_repo_mock.go:96.114,98.3 1 0
backend/internal/service/crud/mocks/user_weight_repo_mock.go:99.2,99.105 1 0
backend/internal/service/crud/mocks/user_weight_repo_mock.go:99.105,101.3 1 0
backend/internal/service/crud/mocks/user_weight_repo_mock.go:101.8,102.24 1 0
backend/internal/service/crud/mocks/user_weight_repo_mock.go:102.24,104.4 1 0
backend/internal/service/crud/mocks/user_weight_repo_mock.go:107.2,107.88 1 0
backend/internal/service/crud/mocks/user_weight_repo_mock.go:107.88,109.3 1 0
backend/internal/service/crud/mocks/user_weight_repo_mock.go:109.8,111.3 1 0
backend/internal/service/crud/mocks/user_weight_repo_mock.go:113.2,113.15 1 0
backend/internal/service/crud/mocks/user_weight_repo_mock.go:117.100,120.19 2 0
backend/internal/service/crud/mocks/user_weight_repo_mock.go:120.19,121.48 1 0
backend/internal/service/crud/mocks/user_weight_repo_mock.go:124.2,125.82 2 0
backend/internal/service/crud/mocks/user_weight_repo_mock.go:125.82,127.3 1 0
backend/internal/service/crud/mocks/user_weight_repo_mock.go:127.8,129.3 1 0
backend/internal/service/crud/mocks/user_weight_repo_mock.go:131.2,131.11 1 0
backend/internal/service/crud/mocks/user_weight_repo_mock.go:139.26,143.19 3 0
backend/internal/service/crud/mocks/user_weight_repo_mock.go:143.19,143.49 1 0
backend/internal/service/crud/mocks/user_weight_repo_mock.go:145.2,145.13 1 0
backend/internal/service/crud/mocks/workouts_repo_mock.go:21.121,23.19 2 0
backend/internal/service/crud/mocks/workouts_repo_mock.go:23.19,24.45 1 0
backend/internal/service/crud/mocks/workouts_repo_mock.go:26.2,28.107 3 0
backend/internal/service/crud/mocks/workouts_repo_mock.go:28.107,30.3 1 0
backend/internal/service/crud/mocks/workouts_repo_mock.go:31.2,31.98 1 0
backend/internal/service/crud/mocks/workouts_repo_mock.go:31.98,33.3 1 0
backend/internal/service/crud/mocks/workouts_repo_mock.go:33.8,34.24 1 0
backend/internal/service/crud/mocks/workouts_repo_mock.go:34.24,36.4 1 0
backend/internal/service/crud/mocks/workouts_repo_mock.go:38.2,38.86 1 0
backend/internal/service/crud/mocks/workouts_repo_mock.go:38.86,40.3 1 0
backend/internal/service/crud/mocks/workouts_repo_mock.go:40.8,42.3 1 0
backend/internal/service/crud/mocks/workouts_repo_mock.go:43.2,43.15 1 0
backend/internal/service/crud/mocks/workouts_repo_mock.go:47.92,49.19 2 0
backend/internal/service/crud/mocks/workouts_repo_mock.go:49.19,50.48 1 0
backend/internal/service/crud/mocks/workouts_repo_mock.go:52.2,53.79 2 0
backend/internal/service/crud/mocks/workouts_repo_mock.go:53.79,55.3 1 0
backend/internal/service/crud/mocks/workouts_repo_mock.go:55.8,57.3 1 0
backend/internal/service/crud/mocks/workouts_repo_mock.go:58.2,58.11 1 0
backend/internal/service/crud/mocks/workouts_repo_mock.go:62.92,64.19 2 0
backend/internal/service/crud/mocks/workouts_repo_mock.go:64.19,65.48 1 0
backend/internal/service/crud/mocks/workouts_repo_mock.go:67.2,68.79 2 0
backend/internal/service/crud/mocks/workouts_repo_mock.go:68.79,70.3 1 0
backend/internal/service/crud/mocks/workouts_repo_mock.go:70.8,72.3 1 0
backend/internal/service/crud/mocks/workouts_repo_mock.go:73.2,73.11 1 0
backend/internal/service/crud/mocks/workouts_repo_mock.go:77.87,79.19 2 0
backend/internal/service/crud/mocks/workouts_repo_mock.go:79.19,80.48 1 0
backend/internal/service/crud/mocks/workouts_repo_mock.go:82.2,83.80 2 0
backend/internal/service/crud/mocks/workouts_repo_mock.go:83.80,85.3 1 0
backend/internal/service/crud/mocks/workouts_repo_mock.go:85.8,87.3 1 0
backend/internal/service/crud/mocks/workouts_repo_mock.go:88.2,88.11 1 0
backend/internal/service/crud/mocks/workouts_repo_mock.go:92.147,94.19 2 0
backend/internal/service/crud/mocks/workouts_repo_mock.go:94.19,95.58 1 0
backend/internal/service/crud/mocks/workouts_repo_mock.go:97.2,99.114 3 0
backend/internal/service/crud/mocks/workouts_repo_mock.go:99.114,101.3 1 0
backend/internal/service/crud/mocks/workouts_repo_mock.go:102.2,102.105 1 0
backend/internal/service/crud/mocks/workouts_repo_mock.go:102.105,104.3 1 0
backend/internal/service/crud/mocks/workouts_repo_mock.go:104.8,105.24 1 0
backend/internal/service/crud/mocks/workouts_repo_mock.go:105.24,107.4 1 0
backend/internal/service/crud/mocks/workouts_repo_mock.go:109.2,109.91 1 0
backend/internal/service/crud/mocks/workouts_repo_mock.go:109.91,111.3 1 0
backend/internal/service/crud/mocks/workouts_repo_mock.go:111.8,113.3 1 0
backend/internal/service/crud/mocks/workouts_repo_mock.go:114.2,114.15 1 0
backend/internal/service/crud/mocks/workouts_repo_mock.go:121.24,124.19 3 0
backend/internal/service/crud/mocks/workouts_repo_mock.go:124.19,124.49 1 0
backend/internal/service/crud/mocks/workouts_repo_mock.go:125.2,125.13 1 0
backend/internal/service/auth.go:37.37,43.2 1 0
backend/internal/service/auth.go:45.73,47.16 2 0
backend/internal/service/auth.go:47.16,49.3 1 0
backend/internal/service/auth.go:50.2,51.12 2 0
backend/internal/service/auth.go:54.87,55.55 1 0
backend/internal/service/auth.go:55.55,57.26 2 0
backend/internal/service/auth.go:57.26,60.4 2 0
backend/internal/service/auth.go:62.3,62.49 1 0
backend/internal/service/auth.go:62.49,65.4 2 0
backend/internal/service/auth.go:67.3,67.111 1 0
backend/internal/service/auth.go:67.111,70.4 2 0
backend/internal/service/auth.go:72.3,72.13 1 0
backend/internal/service/auth.go:76.92,78.16 2 0
backend/internal/service/auth.go:78.16,81.3 2 0
backend/internal/service/auth.go:83.2,84.16 2 0
backend/internal/service/auth.go:84.16,87.3 2 0
backend/internal/service/auth.go:89.2,89.19 1 0
backend/internal/service/auth.go:92.99,94.86 2 0
backend/internal/service/auth.go:94.86,97.3 2 0
backend/internal/service/auth.go:99.2,100.16 2 0
backend/internal/service/auth.go:100.16,103.3 2 0
backend/internal/service/auth.go:105.2,105.19 1 0
backend/internal/service/auth/service.go:77.37,85.2 1 0
backend/internal/service/auth/service.go:87.73,89.16 2 0
backend/internal/service/auth/service.go:89.16,91.3 1 0
backend/internal/service/auth/service.go:92.2,93.12 2 0
backend/internal/service/auth/service.go:96.87,97.55 1 0
backend/internal/service/auth/service.go:97.55,99.26 2 0
backend/internal/service/auth/service.go:99.26,101.4 1 0
backend/internal/service/auth/service.go:103.3,103.49 1 0
backend/internal/service/auth/service.go:103.49,105.4 1 0
backend/internal/service/auth/service.go:107.3,107.111 1 0
backend/internal/service/auth/service.go:107.111,109.4 1 0
backend/internal/service/auth/service.go:111.3,111.13 1 0
backend/internal/service/auth/service.go:115.95,117.16 2 0
backend/internal/service/auth/service.go:117.16,119.3 1 0
backend/internal/service/auth/service.go:121.2,121.100 1 0
backend/internal/service/auth/service.go:121.100,123.3 1 0
backend/internal/service/auth/service.go:125.2,126.16 2 0
backend/internal/service/auth/service.go:126.16,128.3 1 0
backend/internal/service/auth/service.go:130.2,131.16 2 0
backend/internal/service/auth/service.go:131.16,133.3 1 0
backend/internal/service/auth/service.go:135.2,135.75 1 0
backend/internal/service/auth/service.go:138.84,141.16 3 0
backend/internal/service/auth/service.go:141.16,143.3 1 0
backend/internal/service/auth/service.go:144.2,144.24 1 0
backend/internal/service/auth/service.go:144.24,147.3 2 0
backend/internal/service/auth/service.go:149.2,151.16 3 0
backend/internal/service/auth/service.go:151.16,153.3 1 0
backend/internal/service/auth/service.go:156.2,159.16 3 0
backend/internal/service/auth/service.go:159.16,161.3 1 0
backend/internal/service/auth/service.go:163.2,164.16 2 0
backend/internal/service/auth/service.go:164.16,166.3 1 0
backend/internal/service/auth/service.go:168.2,168.75 1 0
backend/internal/service/auth/service.go:171.125,173.16 2 0
backend/internal/service/auth/service.go:173.16,175.3 1 0
backend/internal/service/auth/service.go:177.2,178.16 2 0
backend/internal/service/auth/service.go:178.16,180.3 1 0
backend/internal/service/auth/service.go:182.2,190.70 2 0
backend/internal/service/auth/service.go:190.70,192.3 1 0
backend/internal/service/auth/service.go:194.2,197.18 3 0
backend/internal/service/auth/service.go:198.38,206.4 2 0
backend/internal/service/auth/service.go:207.38,214.4 2 0
backend/internal/service/auth/service.go:215.10,216.78 1 0
backend/internal/service/auth/service.go:219.2,225.54 2 0
backend/internal/service/auth/service.go:225.54,227.3 1 0
backend/internal/service/auth/service.go:229.2,229.12 1 0
backend/internal/service/auth/service.go:232.128,237.16 2 0
backend/internal/service/auth/service.go:237.16,239.3 1 0
backend/internal/service/auth/service.go:240.2,240.24 1 0
backend/internal/service/auth/service.go:240.24,242.3 1 0
backend/internal/service/auth/service.go:243.2,243.21 1 0
backend/internal/service/auth/service.go:243.21,245.3 1 0
backend/internal/service/auth/service.go:247.2,248.36 2 0
backend/internal/service/auth/service.go:248.36,250.3 1 0
backend/internal/service/auth/service.go:252.2,252.75 1 0
backend/internal/service/auth/service.go:252.75,254.3 1 0
backend/internal/service/auth/service.go:256.2,257.16 2 0
backend/internal/service/auth/service.go:257.16,259.3 1 0
backend/internal/service/auth/service.go:261.2,263.18 3 0
backend/internal/service/auth/service.go:264.38,265.32 1 0
backend/internal/service/auth/service.go:266.38,267.32 1 0
backend/internal/service/auth/service.go:269.2,271.57 2 0
backend/internal/service/auth/service.go:271.57,273.3 1 0
backend/internal/service/auth/service.go:275.2,275.12 1 0
backend/internal/service/auth/service.go:278.77,280.16 2 0
backend/internal/service/auth/service.go:280.16,283.3 1 0
backend/internal/service/auth/service.go:285.2,286.16 2 0
backend/internal/service/auth/service.go:286.16,288.3 1 0
backend/internal/service/auth/service.go:290.2,299.70 3 0
backend/internal/service/auth/service.go:299.70,301.3 1 0
backend/internal/service/auth/service.go:303.2,315.54 2 0
backend/internal/service/auth/service.go:315.54,317.3 1 0
backend/internal/service/auth/service.go:319.2,319.12 1 0
backend/internal/service/auth/service.go:322.93,324.16 2 0
backend/internal/service/auth/service.go:324.16,326.3 1 0
backend/internal/service/auth/service.go:328.2,334.16 4 0
backend/internal/service/auth/service.go:334.16,336.3 1 0
backend/internal/service/auth/service.go:337.2,337.24 1 0
backend/internal/service/auth/service.go:337.24,339.3 1 0
backend/internal/service/auth/service.go:340.2,340.21 1 0
backend/internal/service/auth/service.go:340.21,342.3 1 0
backend/internal/service/auth/service.go:344.2,345.36 2 0
backend/internal/service/auth/service.go:345.36,347.3 1 0
backend/internal/service/auth/service.go:349.2,350.16 2 0
backend/internal/service/auth/service.go:350.16,352.3 1 0
backend/internal/service/auth/service.go:354.2,356.57 3 0
backend/internal/service/auth/service.go:356.57,358.3 1 0
backend/internal/service/auth/service.go:360.2,360.75 1 0
backend/internal/service/auth/service.go:360.75,362.3 1 0
backend/internal/service/auth/service.go:365.2,367.12 2 0
backend/internal/service/auth/service.go:371.92,373.16 2 0
backend/internal/service/auth/service.go:373.16,375.3 1 0
backend/internal/service/auth/service.go:377.2,385.64 3 0
backend/internal/service/auth/service.go:385.64,387.3 1 0
backend/internal/service/auth/service.go:389.2,389.17 1 0
backend/internal/service/auth/service.go:392.35,395.2 2 0
backend/internal/service/auth/service.go:397.52,399.40 2 0
backend/internal/service/auth/service.go:399.40,401.3 1 0
backend/internal/service/auth/service.go:402.2,402.35 1 0
backend/internal/service/auth/service.go:405.71,407.24 2 0
backend/internal/service/auth/service.go:407.24,409.15 2 0
backend/internal/service/auth/service.go:409.15,411.4 1 0
backend/internal/service/auth/service.go:412.3,412.42 1 0
backend/internal/service/auth/service.go:414.2,416.24 3 0
backend/internal/service/auth/mocks/refresh_tokens_repo_mock.go:16.104,19.2 2 0
backend/internal/service/auth/mocks/refresh_tokens_repo_mock.go:21.131,23.23 2 0
backend/internal/service/auth/mocks/refresh_tokens_repo_mock.go:23.23,25.3 1 0
backend/internal/service/auth/mocks/refresh_tokens_repo_mock.go:26.2,26.62 1 0
backend/internal/service/auth/mocks/refresh_tokens_repo_mock.go:29.104,32.2 2 0
backend/internal/service/auth/mocks/refresh_tokens_repo_mock.go:34.98,37.2 2 0
backend/internal/service/auth/mocks/refresh_tokens_repo_mock.go:42.33,45.19 3 0
backend/internal/service/auth/mocks/refresh_tokens_repo_mock.go:45.19,45.46 1 0
backend/internal/service/auth/mocks/refresh_tokens_repo_mock.go:46.2,46.10 1 0
backend/internal/service/auth/mocks/tasks_repo_mock.go:14.80,17.2 2 0
backend/internal/service/auth/mocks/tasks_repo_mock.go:22.21,25.19 3 0
backend/internal/service/auth/mocks/tasks_repo_mock.go:25.19,25.46 1 0
backend/internal/service/auth/mocks/tasks_repo_mock.go:26.2,26.10 1 0
backend/internal/service/auth/mocks/trx_manager_mock.go:17.93,20.19 2 0
backend/internal/service/auth/mocks/trx_manager_mock.go:20.19,21.44 1 0
backend/internal/service/auth/mocks/trx_manager_mock.go:24.2,25.89 2 0
backend/internal/service/auth/mocks/trx_manager_mock.go:25.89,27.3 1 0
backend/internal/service/auth/mocks/trx_manager_mock.go:27.8,29.3 1 0
backend/internal/service/auth/mocks/trx_manager_mock.go:31.2,31.11 1 0
backend/internal/service/auth/mocks/trx_manager_mock.go:39.24,43.19 3 0
backend/internal/service/auth/mocks/trx_manager_mock.go:43.19,43.49 1 0
backend/internal/service/auth/mocks/trx_manager_mock.go:45.2,45.13 1 0
backend/internal/service/auth/mocks/user_info_repo_mock.go:20.94,23.19 2 0
backend/internal/service/auth/mocks/user_info_repo_mock.go:23.19,24.48 1 0
backend/internal/service/auth/mocks/user_info_repo_mock.go:27.2,28.80 2 0
backend/internal/service/auth/mocks/user_info_repo_mock.go:28.80,30.3 1 0
backend/internal/service/auth/mocks/user_info_repo_mock.go:30.8,32.3 1 0
backend/internal/service/auth/mocks/user_info_repo_mock.go:34.2,34.11 1 0
backend/internal/service/auth/mocks/user_info_repo_mock.go:38.122,41.19 2 0
backend/internal/service/auth/mocks/user_info_repo_mock.go:41.19,42.45 1 0
backend/internal/service/auth/mocks/user_info_repo_mock.go:45.2,47.108 3 0
backend/internal/service/auth/mocks/user_info_repo_mock.go:47.108,49.3 1 0
backend/internal/service/auth/mocks/user_info_repo_mock.go:50.2,50.99 1 0
backend/internal/service/auth/mocks/user_info_repo_mock.go:50.99,52.3 1 0
backend/internal/service/auth/mocks/user_info_repo_mock.go:52.8,53.24 1 0
backend/internal/service/auth/mocks/user_info_repo_mock.go:53.24,55.4 1 0
backend/internal/service/auth/mocks/user_info_repo_mock.go:58.2,58.86 1 0
backend/internal/service/auth/mocks/user_info_repo_mock.go:58.86,60.3 1 0
backend/internal/service/auth/mocks/user_info_repo_mock.go:60.8,62.3 1 0
backend/internal/service/auth/mocks/user_info_repo_mock.go:64.2,64.15 1 0
backend/internal/service/auth/mocks/user_info_repo_mock.go:68.94,71.19 2 0
backend/internal/service/auth/mocks/user_info_repo_mock.go:71.19,72.48 1 0
backend/internal/service/auth/mocks/user_info_repo_mock.go:75.2,76.80 2 0
backend/internal/service/auth/mocks/user_info_repo_mock.go:76.80,78.3 1 0
backend/internal/service/auth/mocks/user_info_repo_mock.go:78.8,80.3 1 0
backend/internal/service/auth/mocks/user_info_repo_mock.go:82.2,82.11 1 0
backend/internal/service/auth/mocks/user_info_repo_mock.go:90.24,94.19 3 0
backend/internal/service/auth/mocks/user_info_repo_mock.go:94.19,94.49 1 0
backend/internal/service/auth/mocks/user_info_repo_mock.go:96.2,96.13 1 0
backend/internal/service/auth/mocks/verification_codes_repo_mock.go:15.112,18.2 2 0
backend/internal/service/auth/mocks/verification_codes_repo_mock.go:20.149,22.23 2 0
backend/internal/service/auth/mocks/verification_codes_repo_mock.go:22.23,24.3 1 0
backend/internal/service/auth/mocks/verification_codes_repo_mock.go:25.2,25.66 1 0
backend/internal/service/auth/mocks/verification_codes_repo_mock.go:28.96,31.2 2 0
backend/internal/service/auth/mocks/verification_codes_repo_mock.go:36.37,39.19 3 0
backend/internal/service/auth/mocks/verification_codes_repo_mock.go:39.19,39.46 1 0
backend/internal/service/auth/mocks/verification_codes_repo_mock.go:40.2,40.10 1 0
backend/internal/service/avatar/service.go:43.38,48.19 3 0
backend/internal/service/avatar/service.go:48.19,49.23 1 0
backend/internal/service/avatar/service.go:49.23,51.4 1 0
backend/internal/service/avatar/service.go:52.3,52.22 1 0
backend/internal/service/avatar/service.go:52.22,54.4 1 0
backend/internal/service/avatar/service.go:57.2,63.3 1 0
backend/internal/service/avatar/service.go:67.140,79.16 3 0
backend/internal/service/avatar/service.go:79.16,81.3 1 0
backend/internal/service/avatar/service.go:83.2,83.26 1 0
backend/internal/service/avatar/service.go:87.60,88.23 1 0
backend/internal/service/avatar/service.go:88.23,90.3 1 0
backend/internal/service/avatar/service.go:91.2,91.53 1 0
backend/internal/service/avatar/service.go:96.128,97.23 1 0
backend/internal/service/avatar/service.go:97.23,99.3 1 0
backend/internal/service/avatar/service.go:101.2,109.16 3 0
backend/internal/service/avatar/service.go:109.16,111.3 1 0
backend/internal/service/avatar/service.go:113.2,113.36 1 0
backend/internal/service/crud/exercises.go:12.118,14.16 2 1
backend/internal/service/crud/exercises.go:14.16,16.3 1 1
backend/internal/service/crud/exercises.go:17.2,17.18 1 1
backend/internal/service/crud/exercises.go:20.95,21.70 1 1
backend/internal/service/crud/exercises.go:21.70,22.106 1 1
backend/internal/service/crud/exercises.go:22.106,24.4 1 1
backend/internal/service/crud/exercises.go:26.3,26.120 1 1
backend/internal/service/crud/exercises.go:26.120,28.4 1 0
backend/internal/service/crud/exercises.go:29.3,29.13 1 1
backend/internal/service/crud/exercises.go:33.123,34.70 1 1
backend/internal/service/crud/exercises.go:34.70,36.17 2 1
backend/internal/service/crud/exercises.go:36.17,38.4 1 1
backend/internal/service/crud/exercises.go:39.3,41.62 2 1
backend/internal/service/crud/exercises.go:41.62,43.4 1 0
backend/internal/service/crud/exercises.go:44.3,44.13 1 1
backend/internal/service/crud/exercises.go:48.83,49.70 1 1
backend/internal/service/crud/exercises.go:49.70,50.62 1 1
backend/internal/service/crud/exercises.go:50.62,52.4 1 1
backend/internal/service/crud/exercises.go:53.3,53.13 1 1
backend/internal/service/crud/exercises.go:57.139,59.16 2 0
backend/internal/service/crud/exercises.go:59.16,61.3 1 0
backend/internal/service/crud/exercises.go:63.2,64.16 2 0
backend/internal/service/crud/exercises.go:64.16,66.3 1 0
backend/internal/service/crud/exercises.go:67.2,69.16 3 0
backend/internal/service/crud/exercises.go:69.16,71.3 1 0
backend/internal/service/crud/exercises.go:73.2,73.15 1 0
backend/internal/service/crud/service.go:121.37,135.2 1 1
backend/internal/service/crud/tasks.go:12.86,14.16 2 1
backend/internal/service/crud/tasks.go:14.16,16.3 1 1
backend/internal/service/crud/tasks.go:17.2,17.15 1 1
backend/internal/service/crud/tasks.go:20.100,22.16 2 1
backend/internal/service/crud/tasks.go:22.16,24.3 1 1
backend/internal/service/crud/tasks.go:26.2,26.16 1 1
backend/internal/service/crud/tasks.go:29.72,30.73 1 1
backend/internal/service/crud/tasks.go:30.73,34.17 2 1
backend/internal/service/crud/tasks.go:34.17,36.4 1 1
backend/internal/service/crud/tasks.go:38.3,40.57 2 1
backend/internal/service/crud/tasks.go:40.57,42.4 1 0
backend/internal/service/crud/tasks.go:44.3,44.13 1 1
backend/internal/service/crud/tasks.go:45.17,47.3 1 1
backend/internal/service/crud/tasks.go:49.2,49.12 1 1
backend/internal/service/crud/tasks.go:52.71,53.71 1 1
backend/internal/service/crud/tasks.go:53.71,55.3 1 1
backend/internal/service/crud/tasks.go:57.2,57.12 1 1
backend/internal/service/crud/user_calories.go:13.101,15.70 2 1
backend/internal/service/crud/user_calories.go:15.70,16.66 1 1
backend/internal/service/crud/user_calories.go:16.66,18.4 1 1
backend/internal/service/crud/user_calories.go:19.3,19.13 1 1
backend/internal/service/crud/user_calories.go:23.114,25.16 2 0
backend/internal/service/crud/user_calories.go:25.16,27.3 1 0
backend/internal/service/crud/user_calories.go:28.2,28.16 1 0
backend/internal/service/crud/user_calories.go:31.117,33.16 2 1
backend/internal/service/crud/user_calories.go:33.16,35.3 1 1
backend/internal/service/crud/user_calories.go:36.2,36.18 1 1
backend/internal/service/crud/user_calories.go:39.133,40.70 1 1
backend/internal/service/crud/user_calories.go:40.70,42.17 2 1
backend/internal/service/crud/user_calories.go:42.17,44.4 1 1
backend/internal/service/crud/user_calories.go:46.3,48.66 2 1
backend/internal/service/crud/user_calories.go:48.66,50.4 1 0
backend/internal/service/crud/user_calories.go:51.3,51.13 1 1
backend/internal/service/crud/user_calories.go:55.87,56.70 1 1
backend/internal/service/crud/user_calories.go:56.70,60.18 1 1
backend/internal/service/crud/user_calories.go:60.18,62.4 1 1
backend/internal/service/crud/user_calories.go:63.3,63.13 1 1
backend/internal/service/crud/user_calories.go:68.141,74.2 1 0
backend/internal/service/crud/user_devices.go:12.99,14.68 2 1
backend/internal/service/crud/user_devices.go:14.68,16.3 1 1
backend/internal/service/crud/user_devices.go:17.2,17.12 1 1
backend/internal/service/crud/user_devices.go:20.106,22.16 2 1
backend/internal/service/crud/user_devices.go:22.16,24.3 1 1
backend/internal/service/crud/user_devices.go:25.2,25.21 1 1
backend/internal/service/crud/user_devices.go:28.85,29.72 1 1
backend/internal/service/crud/user_devices.go:29.72,31.3 1 1
backend/internal/service/crud/user_devices.go:32.2,32.12 1 1
backend/internal/service/crud/user_info.go:11.118,13.16 2 1
backend/internal/service/crud/user_info.go:13.16,15.3 1 1
backend/internal/service/crud/user_info.go:16.2,16.18 1 1
backend/internal/service/crud/user_info.go:20.93,21.70 1 1
backend/internal/service/crud/user_info.go:21.70,22.99 1 1
backend/internal/service/crud/user_info.go:22.99,24.4 1 1
backend/internal/service/crud/user_info.go:25.3,25.117 1 1
backend/internal/service/crud/user_info.go:25.117,27.4 1 0
backend/internal/service/crud/user_info.go:28.3,28.13 1 1
backend/internal/service/crud/user_info.go:32.119,33.70 1 0
backend/internal/service/crud/user_info.go:33.70,35.17 2 0
backend/internal/service/crud/user_info.go:35.17,37.4 1 0
backend/internal/service/crud/user_info.go:39.3,41.62 2 0
backend/internal/service/crud/user_info.go:41.62,43.4 1 0
backend/internal/service/crud/user_info.go:44.3,44.13 1 0
backend/internal/service/crud/user_info.go:48.83,49.70 1 0
backend/internal/service/crud/user_info.go:49.70,50.61 1 0
backend/internal/service/crud/user_info.go:50.61,52.4 1 0
backend/internal/service/crud/user_info.go:53.3,53.13 1 0
backend/internal/service/crud/user_params.go:11.124,13.16 2 1
backend/internal/service/crud/user_params.go:13.16,15.3 1 1
backend/internal/service/crud/user_params.go:16.2,16.18 1 1
backend/internal/service/crud/user_params.go:19.99,20.70 1 1
backend/internal/service/crud/user_params.go:20.70,21.113 1 1
backend/internal/service/crud/user_params.go:21.113,23.4 1 1
backend/internal/service/crud/user_params.go:25.3,25.125 1 1
backend/internal/service/crud/user_params.go:25.125,27.4 1 1
backend/internal/service/crud/user_params.go:28.3,28.13 1 1
backend/internal/service/crud/user_params.go:32.131,33.70 1 1
backend/internal/service/crud/user_params.go:33.70,35.17 2 1
backend/internal/service/crud/user_params.go:35.17,37.4 1 1
backend/internal/service/crud/user_params.go:38.3,40.64 2 1
backend/internal/service/crud/user_params.go:40.64,42.4 1 1
backend/internal/service/crud/user_params.go:43.3,43.13 1 1
backend/internal/service/crud/user_params.go:47.87,48.70 1 1
backend/internal/service/crud/user_params.go:48.70,49.63 1 1
backend/internal/service/crud/user_params.go:49.63,51.4 1 1
backend/internal/service/crud/user_params.go:52.3,52.13 1 1
backend/internal/service/crud/user_weight.go:10.124,12.16 2 1
backend/internal/service/crud/user_weight.go:12.16,14.3 1 1
backend/internal/service/crud/user_weight.go:15.2,15.16 1 1
backend/internal/service/crud/user_weight.go:18.128,20.16 2 1
backend/internal/service/crud/user_weight.go:20.16,22.3 1 1
backend/internal/service/crud/user_weight.go:24.2,24.16 1 1
backend/internal/service/crud/user_weight.go:27.99,28.70 1 1
backend/internal/service/crud/user_weight.go:28.70,29.125 1 1
backend/internal/service/crud/user_weight.go:29.125,31.4 1 1
backend/internal/service/crud/user_weight.go:32.3,32.13 1 1
backend/internal/service/crud/user_weight.go:36.127,37.70 1 1
backend/internal/service/crud/user_weight.go:37.70,39.17 2 1
backend/internal/service/crud/user_weight.go:39.17,41.4 1 1
backend/internal/service/crud/user_weight.go:42.3,44.64 2 1
backend/internal/service/crud/user_weight.go:44.64,46.4 1 1
backend/internal/service/crud/user_weight.go:47.3,47.13 1 1
backend/internal/service/crud/user_weight.go:51.87,52.70 1 1
backend/internal/service/crud/user_weight.go:52.70,53.63 1 1
backend/internal/service/crud/user_weight.go:53.63,55.4 1 1
backend/internal/service/crud/user_weight.go:56.3,56.13 1 1
backend/internal/service/crud/user_workout.go:13.116,15.16 2 1
backend/internal/service/crud/user_workout.go:15.16,17.3 1 1
backend/internal/service/crud/user_workout.go:18.2,18.21 1 1
backend/internal/service/crud/user_workout.go:21.120,23.16 2 1
backend/internal/service/crud/user_workout.go:23.16,25.3 1 1
backend/internal/service/crud/user_workout.go:26.2,26.22 1 1
backend/internal/service/crud/user_workout.go:29.87,30.70 1 0
backend/internal/service/crud/user_workout.go:30.70,31.67 1 0
backend/internal/service/crud/user_workout.go:31.67,33.4 1 0
backend/internal/service/crud/user_workout.go:34.3,34.13 1 0
backend/internal/service/crud/user_workout.go:38.140,39.70 1 0
backend/internal/service/crud/user_workout.go:39.70,40.67 1 0
backend/internal/service/crud/user_workout.go:40.67,42.4 1 0
backend/internal/service/crud/user_workout.go:44.3,44.38 1 0
backend/internal/service/crud/user_workout.go:44.38,45.77 1 0
backend/internal/service/crud/user_workout.go:45.77,47.5 1 0
backend/internal/service/crud/user_workout.go:50.3,50.13 1 0
backend/internal/service/crud/user_workout.go:54.87,55.70 1 0
backend/internal/service/crud/user_workout.go:55.70,56.67 1 0
backend/internal/service/crud/user_workout.go:56.67,58.4 1 0
backend/internal/service/crud/user_workout.go:59.3,59.13 1 0
backend/internal/service/crud/user_workout.go:63.127,64.70 1 1
backend/internal/service/crud/user_workout.go:64.70,66.17 2 1
backend/internal/service/crud/user_workout.go:66.17,68.4 1 1
backend/internal/service/crud/user_workout.go:70.3,72.67 2 1
backend/internal/service/crud/user_workout.go:72.67,74.4 1 0
backend/internal/service/crud/user_workout.go:76.3,76.13 1 1
backend/internal/service/crud/user_workout.go:80.82,81.70 1 0
backend/internal/service/crud/user_workout.go:81.70,87.17 3 0
backend/internal/service/crud/user_workout.go:87.17,89.4 1 0
backend/internal/service/crud/user_workout.go:91.3,91.38 1 0
backend/internal/service/crud/user_workout.go:91.38,97.83 3 0
backend/internal/service/crud/user_workout.go:97.83,99.5 1 0
backend/internal/service/crud/user_workout.go:102.3,102.61 1 0
backend/internal/service/crud/user_workout.go:102.61,104.4 1 0
backend/internal/service/crud/user_workout.go:106.3,106.13 1 0
backend/internal/service/crud/user_workout.go:110.141,112.16 2 0
backend/internal/service/crud/user_workout.go:112.16,114.3 1 0
backend/internal/service/crud/user_workout.go:115.2,115.29 1 0
backend/internal/service/crud/user_workout.go:118.129,120.16 2 0
backend/internal/service/crud/user_workout.go:120.16,122.3 1 0
backend/internal/service/crud/user_workout.go:123.2,123.23 1 0
backend/internal/service/crud/user_workout.go:126.112,127.70 1 0
backend/internal/service/crud/user_workout.go:127.70,128.83 1 0
backend/internal/service/crud/user_workout.go:128.83,130.4 1 0
backend/internal/service/crud/user_workout.go:131.3,131.13 1 0
backend/internal/service/crud/user_workout.go:135.109,136.70 1 0
backend/internal/service/crud/user_workout.go:136.70,137.38 1 0
backend/internal/service/crud/user_workout.go:137.38,138.77 1 0
backend/internal/service/crud/user_workout.go:138.77,140.5 1 0
backend/internal/service/crud/user_workout.go:142.3,142.13 1 0
backend/internal/service/crud/user_workout.go:146.112,147.70 1 0
backend/internal/service/crud/user_workout.go:147.70,148.83 1 0
backend/internal/service/crud/user_workout.go:148.83,150.4 1 0
backend/internal/service/crud/user_workout.go:151.3,151.13 1 0
backend/internal/service/crud/user_workout.go:155.152,156.70 1 0
backend/internal/service/crud/user_workout.go:156.70,159.17 2 0
backend/internal/service/crud/user_workout.go:159.17,161.4 1 0
backend/internal/service/crud/user_workout.go:164.3,167.83 2 0
backend/internal/service/crud/user_workout.go:167.83,169.4 1 0
backend/internal/service/crud/user_workout.go:171.3,171.13 1 0
backend/internal/service/crud/user_workout.go:175.98,176.70 1 0
backend/internal/service/crud/user_workout.go:176.70,177.69 1 0
backend/internal/service/crud/user_workout.go:177.69,179.4 1 0
backend/internal/service/crud/user_workout.go:180.3,180.13 1 0
backend/internal/service/crud/user_workout.go:184.122,186.16 2 0
backend/internal/service/crud/user_workout.go:186.16,188.3 1 0
backend/internal/service/crud/user_workout.go:189.2,189.23 1 0
backend/internal/service/crud/user_workout.go:192.106,193.19 1 0
backend/internal/service/crud/user_workout.go:193.19,195.3 1 0
backend/internal/service/crud/user_workout.go:201.2,202.25 2 0
backend/internal/service/crud/user_workout.go:202.25,207.17 3 0
backend/internal/service/crud/user_workout.go:207.17,209.12 1 0
backend/internal/service/crud/user_workout.go:211.3,211.42 1 0
backend/internal/service/crud/user_workout.go:214.2,214.23 1 0
backend/internal/service/crud/user_workout.go:217.129,218.70 1 0
backend/internal/service/crud/user_workout.go:218.70,220.17 2 0
backend/internal/service/crud/user_workout.go:220.17,222.4 1 0
backend/internal/service/crud/user_workout.go:224.3,226.69 2 0
backend/internal/service/crud/user_workout.go:226.69,228.4 1 0
backend/internal/service/crud/user_workout.go:230.3,230.13 1 0
backend/internal/service/crud/mocks/exercises_repo_mock.go:21.95,23.19 2 1
backend/internal/service/crud/mocks/exercises_repo_mock.go:23.19,24.48 1 0
backend/internal/service/crud/mocks/exercises_repo_mock.go:26.2,27.80 2 1
backend/internal/service/crud/mocks/exercises_repo_mock.go:27.80,29.3 1 0
backend/internal/service/crud/mocks/exercises_repo_mock.go:29.8,31.3 1 1
backend/internal/service/crud/mocks/exercises_repo_mock.go:32.2,32.11 1 1
backend/internal/service/crud/mocks/exercises_repo_mock.go:36.123,38.19 2 1
backend/internal/service/crud/mocks/exercises_repo_mock.go:38.19,39.45 1 0
backend/internal/service/crud/mocks/exercises_repo_mock.go:41.2,43.108 3 1
backend/internal/service/crud/mocks/exercises_repo_mock.go:43.108,45.3 1 0
backend/internal/service/crud/mocks/exercises_repo_mock.go:46.2,46.99 1 1
backend/internal/service/crud/mocks/exercises_repo_mock.go:46.99,48.3 1 0
backend/internal/service/crud/mocks/exercises_repo_mock.go:48.8,49.24 1 1
backend/internal/service/crud/mocks/exercises_repo_mock.go:49.24,51.4 1 1
backend/internal/service/crud/mocks/exercises_repo_mock.go:53.2,53.86 1 1
backend/internal/service/crud/mocks/exercises_repo_mock.go:53.86,55.3 1 0
backend/internal/service/crud/mocks/exercises_repo_mock.go:55.8,57.3 1 1
backend/internal/service/crud/mocks/exercises_repo_mock.go:58.2,58.15 1 1
backend/internal/service/crud/mocks/exercises_repo_mock.go:62.95,64.19 2 1
backend/internal/service/crud/mocks/exercises_repo_mock.go:64.19,65.48 1 0
backend/internal/service/crud/mocks/exercises_repo_mock.go:67.2,68.80 2 1
backend/internal/service/crud/mocks/exercises_repo_mock.go:68.80,70.3 1 0
backend/internal/service/crud/mocks/exercises_repo_mock.go:70.8,72.3 1 1
backend/internal/service/crud/mocks/exercises_repo_mock.go:73.2,73.11 1 1
backend/internal/service/crud/mocks/exercises_repo_mock.go:77.88,79.19 2 1
backend/internal/service/crud/mocks/exercises_repo_mock.go:79.19,80.48 1 0
backend/internal/service/crud/mocks/exercises_repo_mock.go:82.2,83.80 2 1
backend/internal/service/crud/mocks/exercises_repo_mock.go:83.80,85.3 1 0
backend/internal/service/crud/mocks/exercises_repo_mock.go:85.8,87.3 1 1
backend/internal/service/crud/mocks/exercises_repo_mock.go:88.2,88.11 1 1
backend/internal/service/crud/mocks/exercises_repo_mock.go:92.126,94.19 2 0
backend/internal/service/crud/mocks/exercises_repo_mock.go:94.19,95.46 1 0
backend/internal/service/crud/mocks/exercises_repo_mock.go:97.2,99.110 3 0
backend/internal/service/crud/mocks/exercises_repo_mock.go:99.110,101.3 1 0
backend/internal/service/crud/mocks/exercises_repo_mock.go:102.2,102.101 1 0
backend/internal/service/crud/mocks/exercises_repo_mock.go:102.101,104.3 1 0
backend/internal/service/crud/mocks/exercises_repo_mock.go:104.8,105.24 1 0
backend/internal/service/crud/mocks/exercises_repo_mock.go:105.24,107.4 1 0
backend/internal/service/crud/mocks/exercises_repo_mock.go:109.2,109.86 1 0
backend/internal/service/crud/mocks/exercises_repo_mock.go:109.86,111.3 1 0
backend/internal/service/crud/mocks/exercises_repo_mock.go:111.8,113.3 1 0
backend/internal/service/crud/mocks/exercises_repo_mock.go:114.2,114.15 1 0
backend/internal/service/crud/mocks/exercises_repo_mock.go:121.25,124.19 3 0
backend/internal/service/crud/mocks/exercises_repo_mock.go:124.19,124.49 1 0
backend/internal/service/crud/mocks/exercises_repo_mock.go:125.2,125.13 1 0
backend/internal/service/crud/mocks/trx_manager_mock.go:17.93,20.19 2 1
backend/internal/service/crud/mocks/trx_manager_mock.go:20.19,21.44 1 0
backend/internal/service/crud/mocks/trx_manager_mock.go:24.2,25.89 2 1
backend/internal/service/crud/mocks/trx_manager_mock.go:25.89,27.3 1 1
backend/internal/service/crud/mocks/trx_manager_mock.go:27.8,29.3 1 0
backend/internal/service/crud/mocks/trx_manager_mock.go:31.2,31.11 1 1
backend/internal/service/crud/mocks/trx_manager_mock.go:39.24,43.19 3 0
backend/internal/service/crud/mocks/trx_manager_mock.go:43.19,43.49 1 0
backend/internal/service/crud/mocks/trx_manager_mock.go:45.2,45.13 1 0
backend/internal/service/crud/mocks/user_calories_repo_mock.go:21.96,24.19 2 1
backend/internal/service/crud/mocks/user_calories_repo_mock.go:24.19,25.48 1 0
backend/internal/service/crud/mocks/user_calories_repo_mock.go:28.2,29.84 2 1
backend/internal/service/crud/mocks/user_calories_repo_mock.go:29.84,31.3 1 0
backend/internal/service/crud/mocks/user_calories_repo_mock.go:31.8,33.3 1 1
backend/internal/service/crud/mocks/user_calories_repo_mock.go:35.2,35.11 1 1
backend/internal/service/crud/mocks/user_calories_repo_mock.go:39.118,42.19 2 1
backend/internal/service/crud/mocks/user_calories_repo_mock.go:42.19,43.45 1 0
backend/internal/service/crud/mocks/user_calories_repo_mock.go:46.2,48.110 3 1
backend/internal/service/crud/mocks/user_calories_repo_mock.go:48.110,50.3 1 0
backend/internal/service/crud/mocks/user_calories_repo_mock.go:51.2,51.101 1 1
backend/internal/service/crud/mocks/user_calories_repo_mock.go:51.101,53.3 1 0
backend/internal/service/crud/mocks/user_calories_repo_mock.go:53.8,54.24 1 1
backend/internal/service/crud/mocks/user_calories_repo_mock.go:54.24,56.4 1 1
backend/internal/service/crud/mocks/user_calories_repo_mock.go:59.2,59.84 1 1
backend/internal/service/crud/mocks/user_calories_repo_mock.go:59.84,61.3 1 0
backend/internal/service/crud/mocks/user_calories_repo_mock.go:61.8,63.3 1 1
backend/internal/service/crud/mocks/user_calories_repo_mock.go:65.2,65.15 1 1
backend/internal/service/crud/mocks/user_calories_repo_mock.go:69.121,72.19 2 1
backend/internal/service/crud/mocks/user_calories_repo_mock.go:72.19,73.46 1 0
backend/internal/service/crud/mocks/user_calories_repo_mock.go:76.2,78.112 3 1
backend/internal/service/crud/mocks/user_calories_repo_mock.go:78.112,80.3 1 0
backend/internal/service/crud/mocks/user_calories_repo_mock.go:81.2,81.103 1 1
backend/internal/service/crud/mocks/user_calories_repo_mock.go:81.103,83.3 1 0
backend/internal/service/crud/mocks/user_calories_repo_mock.go:83.8,84.24 1 1
backend/internal/service/crud/mocks/user_calories_repo_mock.go:84.24,86.4 1 1
backend/internal/service/crud/mocks/user_calories_repo_mock.go:89.2,89.84 1 1
backend/internal/service/crud/mocks/user_calories_repo_mock.go:89.84,91.3 1 0
backend/internal/service/crud/mocks/user_calories_repo_mock.go:91.8,93.3 1 1
backend/internal/service/crud/mocks/user_calories_repo_mock.go:95.2,95.15 1 1
backend/internal/service/crud/mocks/user_calories_repo_mock.go:99.96,102.19 2 1
backend/internal/service/crud/mocks/user_calories_repo_mock.go:102.19,103.48 1 0
backend/internal/service/crud/mocks/user_calories_repo_mock.go:106.2,107.84 2 1
backend/internal/service/crud/mocks/user_calories_repo_mock.go:107.84,109.3 1 0
backend/internal/service/crud/mocks/user_calories_repo_mock.go:109.8,111.3 1 1
backend/internal/service/crud/mocks/user_calories_repo_mock.go:113.2,113.11 1 1
backend/internal/service/crud/mocks/user_calories_repo_mock.go:117.95,120.19 2 1
backend/internal/service/crud/mocks/user_calories_repo_mock.go:120.19,121.48 1 0
backend/internal/service/crud/mocks/user_calories_repo_mock.go:124.2,125.84 2 1
backend/internal/service/crud/mocks/user_calories_repo_mock.go:125.84,127.3 1 0
backend/internal/service/crud/mocks/user_calories_repo_mock.go:127.8,129.3 1 1
backend/internal/service/crud/mocks/user_calories_repo_mock.go:131.2,131.11 1 1
backend/internal/service/crud/mocks/user_calories_repo_mock.go:139.28,143.19 3 0
backend/internal/service/crud/mocks/user_calories_repo_mock.go:143.19,143.49 1 0
backend/internal/service/crud/mocks/user_calories_repo_mock.go:145.2,145.13 1 0
backend/internal/service/crud/mocks/user_info_repo_mock.go:21.94,24.19 2 1
backend/internal/service/crud/mocks/user_info_repo_mock.go:24.19,25.48 1 0
backend/internal/service/crud/mocks/user_info_repo_mock.go:28.2,29.80 2 1
backend/internal/service/crud/mocks/user_info_repo_mock.go:29.80,31.3 1 0
backend/internal/service/crud/mocks/user_info_repo_mock.go:31.8,33.3 1 1
backend/internal/service/crud/mocks/user_info_repo_mock.go:35.2,35.11 1 1
backend/internal/service/crud/mocks/user_info_repo_mock.go:39.87,42.19 2 0
backend/internal/service/crud/mocks/user_info_repo_mock.go:42.19,43.48 1 0
backend/internal/service/crud/mocks/user_info_repo_mock.go:46.2,47.80 2 0
backend/internal/service/crud/mocks/user_info_repo_mock.go:47.80,49.3 1 0
backend/internal/service/crud/mocks/user_info_repo_mock.go:49.8,51.3 1 0
backend/internal/service/crud/mocks/user_info_repo_mock.go:53.2,53.11 1 0
backend/internal/service/crud/mocks/user_info_repo_mock.go:57.122,60.19 2 1
backend/internal/service/crud/mocks/user_info_repo_mock.go:60.19,61.45 1 0
backend/internal/service/crud/mocks/user_info_repo_mock.go:64.2,66.108 3 1
backend/internal/service/crud/mocks/user_info_repo_mock.go:66.108,68.3 1 0
backend/internal/service/crud/mocks/user_info_repo_mock.go:69.2,69.99 1 1
backend/internal/service/crud/mocks/user_info_repo_mock.go:69.99,71.3 1 0
backend/internal/service/crud/mocks/user_info_repo_mock.go:71.8,72.24 1 1
backend/internal/service/crud/mocks/user_info_repo_mock.go:72.24,74.4 1 1
backend/internal/service/crud/mocks/user_info_repo_mock.go:77.2,77.86 1 1
backend/internal/service/crud/mocks/user_info_repo_mock.go:77.86,79.3 1 0
backend/internal/service/crud/mocks/user_info_repo_mock.go:79.8,81.3 1 1
backend/internal/service/crud/mocks/user_info_repo_mock.go:83.2,83.15 1 1
backend/internal/service/crud/mocks/user_info_repo_mock.go:87.94,90.19 2 0
backend/internal/service/crud/mocks/user_info_repo_mock.go:90.19,91.48 1 0
backend/internal/service/crud/mocks/user_info_repo_mock.go:94.2,95.80 2 0
backend/internal/service/crud/mocks/user_info_repo_mock.go:95.80,97.3 1 0
backend/internal/service/crud/mocks/user_info_repo_mock.go:97.8,99.3 1 0
backend/internal/service/crud/mocks/user_info_repo_mock.go:101.2,101.11 1 0
backend/internal/service/crud/mocks/user_info_repo_mock.go:109.24,113.19 3 0
backend/internal/service/crud/mocks/user_info_repo_mock.go:113.19,113.49 1 0
backend/internal/service/crud/mocks/user_info_repo_mock.go:115.2,115.13 1 0
backend/internal/service/crud/mocks/user_params_repo_mock.go:21.100,24.19 2 1
backend/internal/service/crud/mocks/user_params_repo_mock.go:24.19,25.48 1 0
backend/internal/service/crud/mocks/user_params_repo_mock.go:28.2,29.82 2 1
backend/internal/service/crud/mocks/user_params_repo_mock.go:29.82,31.3 1 0
backend/internal/service/crud/mocks/user_params_repo_mock.go:31.8,33.3 1 1
backend/internal/service/crud/mocks/user_params_repo_mock.go:35.2,35.11 1 1
backend/internal/service/crud/mocks/user_params_repo_mock.go:39.91,42.19 2 1
backend/internal/service/crud/mocks/user_params_repo_mock.go:42.19,43.48 1 0
backend/internal/service/crud/mocks/user_params_repo_mock.go:46.2,47.82 2 1
backend/internal/service/crud/mocks/user_params_repo_mock.go:47.82,49.3 1 0
backend/internal/service/crud/mocks/user_params_repo_mock.go:49.8,51.3 1 1
backend/internal/service/crud/mocks/user_params_repo_mock.go:53.2,53.11 1 1
backend/internal/service/crud/mocks/user_params_repo_mock.go:57.128,60.19 2 1
backend/internal/service/crud/mocks/user_params_repo_mock.go:60.19,61.45 1 0
backend/internal/service/crud/mocks/user_params_repo_mock.go:64.2,66.112 3 1
backend/internal/service/crud/mocks/user_params_repo_mock.go:66.112,68.3 1 0
backend/internal/service/crud/mocks/user_params_repo_mock.go:69.2,69.103 1 1
backend/internal/service/crud/mocks/user_params_repo_mock.go:69.103,71.3 1 0
backend/internal/service/crud/mocks/user_params_repo_mock.go:71.8,72.24 1 1
backend/internal/service/crud/mocks/user_params_repo_mock.go:72.24,74.4 1 1
backend/internal/service/crud/mocks/user_params_repo_mock.go:77.2,77.88 1 1
backend/internal/service/crud/mocks/user_params_repo_mock.go:77.88,79.3 1 0
backend/internal/service/crud/mocks/user_params_repo_mock.go:79.8,81.3 1 1
backend/internal/service/crud/mocks/user_params_repo_mock.go:83.2,83.15 1 1
backend/internal/service/crud/mocks/user_params_repo_mock.go:87.100,90.19 2 1
backend/internal/service/crud/mocks/user_params_repo_mock.go:90.19,91.48 1 0
backend/internal/service/crud/mocks/user_params_repo_mock.go:94.2,95.82 2 1
backend/internal/service/crud/mocks/user_params_repo_mock.go:95.82,97.3 1 0
backend/internal/service/crud/mocks/user_params_repo_mock.go:97.8,99.3 1 1
backend/internal/service/crud/mocks/user_params_repo_mock.go:101.2,101.11 1 1
backend/internal/service/crud/mocks/user_params_repo_mock.go:109.26,113.19 3 1
backend/internal/service/crud/mocks/user_params_repo_mock.go:113.19,113.49 1 1
backend/internal/service/crud/mocks/user_params_repo_mock.go:115.2,115.13 1 1
backend/internal/service/crud/mocks/user_weight_repo_mock.go:21.100,24.19 2 1
backend/internal/service/crud/mocks/user_weight_repo_mock.go:24.19,25.48 1 0
backend/internal/service/crud/mocks/user_weight_repo_mock.go:28.2,29.82 2 1
backend/internal/service/crud/mocks/user_weight_repo_mock.go:29.82,31.3 1 0
backend/internal/service/crud/mocks/user_weight_repo_mock.go:31.8,33.3 1 1
backend/internal/service/crud/mocks/user_weight_repo_mock.go:35.2,35.11 1 1
backend/internal/service/crud/mocks/user_weight_repo_mock.go:39.91,42.19 2 1
backend/internal/service/crud/mocks/user_weight_repo_mock.go:42.19,43.48 1 0
backend/internal/service/crud/mocks/user_weight_repo_mock.go:46.2,47.82 2 1
backend/internal/service/crud/mocks/user_weight_repo_mock.go:47.82,49.3 1 0
backend/internal/service/crud/mocks/user_weight_repo_mock.go:49.8,51.3 1 1
backend/internal/service/crud/mocks/user_weight_repo_mock.go:53.2,53.11 1 1
backend/internal/service/crud/mocks/user_weight_repo_mock.go:57.128,60.19 2 1
backend/internal/service/crud/mocks/user_weight_repo_mock.go:60.19,61.45 1 0
backend/internal/service/crud/mocks/user_weight_repo_mock.go:64.2,66.112 3 1
backend/internal/service/crud/mocks/user_weight_repo_mock.go:66.112,68.3 1 0
backend/internal/service/crud/mocks/user_weight_repo_mock.go:69.2,69.103 1 1
backend/internal/service/crud/mocks/user_weight_repo_mock.go:69.103,71.3 1 0
backend/internal/service/crud/mocks/user_weight_repo_mock.go:71.8,72.24 1 1
backend/internal/service/crud/mocks/user_weight_repo_mock.go:72.24,74.4 1 1
backend/internal/service/crud/mocks/user_weight_repo_mock.go:77.2,77.88 1 1
backend/internal/service/crud/mocks/user_weight_repo_mock.go:77.88,79.3 1 0
backend/internal/service/crud/mocks/user_weight_repo_mock.go:79.8,81.3 1 1
backend/internal/service/crud/mocks/user_weight_repo_mock.go:83.2,83.15 1 1
backend/internal/service/crud/mocks/user_weight_repo_mock.go:87.131,90.19 2 1
backend/internal/service/crud/mocks/user_weight_repo_mock.go:90.19,91.46 1 0
backend/internal/service/crud/mocks/user_weight_repo_mock.go:94.2,96.114 3 1
backend/internal/service/crud/mocks/user_weight_repo_mock.go:96.114,98.3 1 0
backend/internal/service/crud/mocks/user_weight_repo_mock.go:99.2,99.105 1 1
backend/internal/service/crud/mocks/user_weight_repo_mock.go:99.105,101.3 1 0
backend/internal/service/crud/mocks/user_weight_repo_mock.go:101.8,102.24 1 1
backend/internal/service/crud/mocks/user_weight_repo_mock.go:102.24,104.4 1 1
backend/internal/service/crud/mocks/user_weight_repo_mock.go:107.2,107.88 1 1
backend/internal/service/crud/mocks/user_weight_repo_mock.go:107.88,109.3 1 0
backend/internal/service/crud/mocks/user_weight_repo_mock.go:109.8,111.3 1 1
backend/internal/service/crud/mocks/user_weight_repo_mock.go:113.2,113.15 1 1
backend/internal/service/crud/mocks/user_weight_repo_mock.go:117.100,120.19 2 1
backend/internal/service/crud/mocks/user_weight_repo_mock.go:120.19,121.48 1 0
backend/internal/service/crud/mocks/user_weight_repo_mock.go:124.2,125.82 2 1
backend/internal/service/crud/mocks/user_weight_repo_mock.go:125.82,127.3 1 0
backend/internal/service/crud/mocks/user_weight_repo_mock.go:127.8,129.3 1 1
backend/internal/service/crud/mocks/user_weight_repo_mock.go:131.2,131.11 1 1
backend/internal/service/crud/mocks/user_weight_repo_mock.go:139.26,143.19 3 1
backend/internal/service/crud/mocks/user_weight_repo_mock.go:143.19,143.49 1 1
backend/internal/service/crud/mocks/user_weight_repo_mock.go:145.2,145.13 1 1
backend/internal/service/crud/mocks/workouts_repo_mock.go:21.121,23.19 2 1
backend/internal/service/crud/mocks/workouts_repo_mock.go:23.19,24.45 1 0
backend/internal/service/crud/mocks/workouts_repo_mock.go:26.2,28.107 3 1
backend/internal/service/crud/mocks/workouts_repo_mock.go:28.107,30.3 1 0
backend/internal/service/crud/mocks/workouts_repo_mock.go:31.2,31.98 1 1
backend/internal/service/crud/mocks/workouts_repo_mock.go:31.98,33.3 1 0
backend/internal/service/crud/mocks/workouts_repo_mock.go:33.8,34.24 1 1
backend/internal/service/crud/mocks/workouts_repo_mock.go:34.24,36.4 1 1
backend/internal/service/crud/mocks/workouts_repo_mock.go:38.2,38.86 1 1
backend/internal/service/crud/mocks/workouts_repo_mock.go:38.86,40.3 1 0
backend/internal/service/crud/mocks/workouts_repo_mock.go:40.8,42.3 1 1
backend/internal/service/crud/mocks/workouts_repo_mock.go:43.2,43.15 1 1
backend/internal/service/crud/mocks/workouts_repo_mock.go:47.92,49.19 2 0
backend/internal/service/crud/mocks/workouts_repo_mock.go:49.19,50.48 1 0
backend/internal/service/crud/mocks/workouts_repo_mock.go:52.2,53.79 2 0
backend/internal/service/crud/mocks/workouts_repo_mock.go:53.79,55.3 1 0
backend/internal/service/crud/mocks/workouts_repo_mock.go:55.8,57.3 1 0
backend/internal/service/crud/mocks/workouts_repo_mock.go:58.2,58.11 1 0
backend/internal/service/crud/mocks/workouts_repo_mock.go:62.92,64.19 2 1
backend/internal/service/crud/mocks/workouts_repo_mock.go:64.19,65.48 1 0
backend/internal/service/crud/mocks/workouts_repo_mock.go:67.2,68.79 2 1
backend/internal/service/crud/mocks/workouts_repo_mock.go:68.79,70.3 1 0
backend/internal/service/crud/mocks/workouts_repo_mock.go:70.8,72.3 1 1
backend/internal/service/crud/mocks/workouts_repo_mock.go:73.2,73.11 1 1
backend/internal/service/crud/mocks/workouts_repo_mock.go:77.87,79.19 2 0
backend/internal/service/crud/mocks/workouts_repo_mock.go:79.19,80.48 1 0
backend/internal/service/crud/mocks/workouts_repo_mock.go:82.2,83.80 2 0
backend/internal/service/crud/mocks/workouts_repo_mock.go:83.80,85.3 1 0
backend/internal/service/crud/mocks/workouts_repo_mock.go:85.8,87.3 1 0
backend/internal/service/crud/mocks/workouts_repo_mock.go:88.2,88.11 1 0
backend/internal/service/crud/mocks/workouts_repo_mock.go:92.147,94.19 2 1
backend/internal/service/crud/mocks/workouts_repo_mock.go:94.19,95.58 1 0
backend/internal/service/crud/mocks/workouts_repo_mock.go:97.2,99.114 3 1
backend/internal/service/crud/mocks/workouts_repo_mock.go:99.114,101.3 1 0
backend/internal/service/crud/mocks/workouts_repo_mock.go:102.2,102.105 1 1
backend/internal/service/crud/mocks/workouts_repo_mock.go:102.105,104.3 1 0
backend/internal/service/crud/mocks/workouts_repo_mock.go:104.8,105.24 1 1
backend/internal/service/crud/mocks/workouts_repo_mock.go:105.24,107.4 1 1
backend/internal/service/crud/mocks/workouts_repo_mock.go:109.2,109.91 1 1
backend/internal/service/crud/mocks/workouts_repo_mock.go:109.91,111.3 1 0
backend/internal/service/crud/mocks/workouts_repo_mock.go:111.8,113.3 1 1
backend/internal/service/crud/mocks/workouts_repo_mock.go:114.2,114.15 1 1
backend/internal/service/crud/mocks/workouts_repo_mock.go:121.24,124.19 3 0
backend/internal/service/crud/mocks/workouts_repo_mock.go:124.19,124.49 1 0
backend/internal/service/crud/mocks/workouts_repo_mock.go:125.2,125.13 1 0
backend/internal/service/executor/service.go:81.39,91.2 1 0
backend/internal/service/executor/service.go:93.31,102.12 5 0
backend/internal/service/executor/service.go:102.12,103.16 1 0
backend/internal/service/executor/service.go:103.16,104.32 1 0
backend/internal/service/executor/service.go:104.32,106.5 1 0
backend/internal/service/executor/service.go:107.4,107.15 1 0
backend/internal/service/executor/service.go:109.3,109.13 1 0
backend/internal/service/executor/service.go:112.2,114.12 2 0
backend/internal/service/executor/service.go:117.44,121.6 3 0
backend/internal/service/executor/service.go:121.6,122.10 1 0
backend/internal/service/executor/service.go:123.21,124.10 1 0
backend/internal/service/executor/service.go:125.19,127.8 1 0
backend/internal/service/executor/service.go:127.8,128.46 1 0
backend/internal/service/executor/service.go:128.46,129.40 1 0
backend/internal/service/executor/service.go:129.40,131.7 1 0
backend/internal/service/executor/service.go:132.6,132.11 1 0
backend/internal/service/executor/service.go:139.58,143.55 3 0
backend/internal/service/executor/service.go:143.55,149.17 3 0
backend/internal/service/executor/service.go:149.17,151.4 1 0
backend/internal/service/executor/service.go:153.3,153.33 1 0
backend/internal/service/executor/service.go:157.75,160.20 2 0
backend/internal/service/executor/service.go:161.80,162.25 1 0
backend/internal/service/executor/service.go:163.80,164.23 1 0
backend/internal/service/executor/service.go:165.45,166.24 1 0
backend/internal/service/executor/service.go:167.10,169.62 2 0
backend/internal/service/executor/service.go:172.2,172.35 1 0
backend/internal/service/executor/service.go:172.35,177.34 3 0
backend/internal/service/executor/service.go:177.34,180.4 2 0
backend/internal/service/executor/service.go:182.3,182.42 1 0
backend/internal/service/executor/service.go:185.2,185.61 1 0
backend/internal/service/executor/service.go:188.80,190.9 2 0
backend/internal/service/executor/service.go:190.9,192.3 1 0
backend/internal/service/executor/service.go:194.2,194.22 1 0
backend/internal/service/executor/service.go:194.22,196.3 1 0
backend/internal/service/executor/service.go:199.2,199.83 1 0
backend/internal/service/executor/service.go:199.83,201.44 2 0
backend/internal/service/executor/service.go:201.44,204.4 2 0
backend/internal/service/executor/service.go:207.2,208.19 2 0
backend/internal/service/executor/service.go:208.19,210.3 1 0
backend/internal/service/executor/service.go:212.2,213.16 2 0
backend/internal/service/executor/service.go:213.16,215.3 1 0
backend/internal/service/executor/service.go:216.2,216.16 1 0
backend/internal/service/executor/service.go:216.16,218.3 1 0
backend/internal/service/executor/service.go:220.2,220.59 1 0
backend/internal/service/executor/service.go:223.78,225.9 2 0
backend/internal/service/executor/service.go:225.9,227.3 1 0
backend/internal/service/executor/service.go:229.2,229.22 1 0
backend/internal/service/executor/service.go:229.22,231.3 1 0
backend/internal/service/executor/service.go:234.2,234.83 1 0
backend/internal/service/executor/service.go:234.83,236.44 2 0
backend/internal/service/executor/service.go:236.44,239.4 2 0
backend/internal/service/executor/service.go:242.2,243.16 2 0
backend/internal/service/executor/service.go:243.16,245.3 1 0
backend/internal/service/executor/service.go:246.2,246.16 1 0
backend/internal/service/executor/service.go:246.16,248.3 1 0
backend/internal/service/executor/service.go:249.2,249.21 1 0
backend/internal/service/executor/service.go:249.21,251.3 1 0
backend/internal/service/executor/service.go:253.2,253.46 1 0
backend/internal/service/executor/service.go:256.79,258.9 2 0
backend/internal/service/executor/service.go:258.9,260.3 1 0
backend/internal/service/executor/service.go:262.2,262.28 1 0
backend/internal/service/executor/service.go:262.28,264.3 1 0
backend/internal/service/executor/service.go:266.2,267.17 2 0
backend/internal/service/executor/service.go:267.17,269.3 1 0
backend/internal/service/executor/service.go:271.2,272.16 2 0
backend/internal/service/executor/service.go:272.16,274.3 1 0
backend/internal/service/executor/service.go:275.2,275.16 1 0
backend/internal/service/executor/service.go:275.16,277.3 1 0
backend/internal/service/executor/service.go:279.2,282.4 1 0
backend/internal/service/executor/service.go:285.33,286.23 1 0
backend/internal/service/executor/service.go:286.23,288.3 1 0
backend/internal/service/executor/service.go:290.2,294.12 3 0
backend/internal/service/nutricion/service.go:84.37,91.2 1 0
backend/internal/service/nutricion/service.go:95.62,97.2 1 0
backend/internal/service/nutricion/service.go:100.101,102.16 2 0
backend/internal/service/nutricion/service.go:102.16,104.3 1 0
backend/internal/service/nutricion/service.go:105.2,105.20 1 0
backend/internal/service/nutricion/service.go:117.144,118.22 1 0
backend/internal/service/nutricion/service.go:118.22,120.3 1 0
backend/internal/service/nutricion/service.go:122.2,123.16 2 0
backend/internal/service/nutricion/service.go:123.16,125.3 1 0
backend/internal/service/nutricion/service.go:127.2,128.16 2 0
backend/internal/service/nutricion/service.go:128.16,130.3 1 0
backend/internal/service/nutricion/service.go:132.2,133.16 2 0
backend/internal/service/nutricion/service.go:133.16,135.3 1 0
backend/internal/service/nutricion/service.go:137.2,140.8 1 0
backend/internal/service/nutricion/service.go:144.94,146.54 2 0
backend/internal/service/nutricion/service.go:146.54,148.3 1 0
backend/internal/service/nutricion/service.go:149.2,150.12 2 0
backend/internal/service/nutricion/service.go:154.103,156.16 2 0
backend/internal/service/nutricion/service.go:156.16,158.3 1 0
backend/internal/service/nutricion/service.go:159.2,159.19 1 0
backend/internal/service/nutricion/service.go:163.122,165.16 2 0
backend/internal/service/nutricion/service.go:165.16,167.3 1 0
backend/internal/service/nutricion/service.go:168.2,169.54 2 0
backend/internal/service/nutricion/service.go:169.54,171.3 1 0
backend/internal/service/nutricion/service.go:172.2,173.12 2 0
backend/internal/service/nutricion/service.go:177.84,180.16 2 0
backend/internal/service/nutricion/service.go:180.16,182.3 1 0
backend/internal/service/nutricion/service.go:183.2,183.59 1 0
backend/internal/service/nutricion/service.go:183.59,185.3 1 0
backend/internal/service/nutricion/service.go:186.2,186.12 1 0
backend/internal/service/nutricion/service.go:190.108,192.16 2 0
backend/internal/service/nutricion/service.go:192.16,194.3 1 0
backend/internal/service/nutricion/service.go:196.2,200.28 2 0
backend/internal/service/nutricion/service.go:200.28,205.3 4 0
backend/internal/service/nutricion/service.go:206.2,206.19 1 0
backend/internal/service/nutricion/service.go:212.116,214.16 2 0
backend/internal/service/nutricion/service.go:214.16,216.3 1 0
backend/internal/service/nutricion/service.go:218.2,225.20 2 0
backend/internal/service/nutricion/service.go:225.20,228.55 2 0
backend/internal/service/nutricion/service.go:228.55,230.53 2 0
backend/internal/service/nutricion/service.go:230.53,232.5 1 0
backend/internal/service/nutricion/service.go:233.9,233.49 1 0
backend/internal/service/nutricion/service.go:233.49,236.4 1 0
backend/internal/service/nutricion/service.go:239.2,240.16 2 0
backend/internal/service/nutricion/service.go:240.16,242.3 1 0
backend/internal/service/nutricion/service.go:244.2,244.20 1 0
backend/internal/service/nutricion/service.go:244.20,245.55 1 0
backend/internal/service/nutricion/service.go:245.55,247.4 1 0
backend/internal/service/nutricion/service.go:250.2,250.21 1 0
backend/internal/service/nutricion/service.go:254.114,256.16 2 0
backend/internal/service/nutricion/service.go:256.16,258.3 1 0
backend/internal/service/nutricion/service.go:260.2,265.28 2 0
backend/internal/service/nutricion/service.go:265.28,270.3 4 0
backend/internal/service/nutricion/service.go:272.2,273.14 2 0
backend/internal/service/nutricion/service.go:273.14,275.3 1 0
backend/internal/service/nutricion/service.go:276.2,277.14 2 0
backend/internal/service/nutricion/service.go:277.14,279.3 1 0
backend/internal/service/nutricion/service.go:281.2,281.20 1 0
backend/internal/service/nutricion/service.go:286.96,287.20 1 0
backend/internal/service/nutricion/service.go:287.20,289.3 1 0
backend/internal/service/nutricion/service.go:290.2,290.52 1 0
backend/internal/service/recomendation/service.go:75.37,85.2 1 0
backend/internal/service/recomendation/service.go:88.43,90.2 1 0
backend/internal/service/recomendation/service.go:93.120,94.16 1 0
backend/internal/service/recomendation/service.go:94.16,96.3 1 0
backend/internal/service/recomendation/service.go:97.2,97.15 1 0
backend/internal/service/recomendation/service.go:97.15,99.3 1 0
backend/internal/service/recomendation/service.go:100.2,107.16 3 0
backend/internal/service/recomendation/service.go:107.16,109.3 1 0
backend/internal/service/recomendation/service.go:110.2,110.18 1 0
backend/internal/service/recomendation/service.go:116.106,118.20 1 0
backend/internal/service/recomendation/service.go:118.20,120.17 2 0
backend/internal/service/recomendation/service.go:120.17,123.4 1 0
backend/internal/service/recomendation/service.go:123.9,123.49 1 0
backend/internal/service/recomendation/service.go:123.49,126.4 1 0
backend/internal/service/recomendation/service.go:129.2,136.33 3 0
backend/internal/service/recomendation/service.go:136.33,140.26 4 0
backend/internal/service/recomendation/service.go:140.26,142.4 1 0
backend/internal/service/recomendation/service.go:143.3,143.31 1 0
backend/internal/service/recomendation/service.go:143.31,145.4 1 0
backend/internal/service/recomendation/service.go:149.2,149.29 1 0
backend/internal/service/recomendation/service.go:149.29,151.38 2 0
backend/internal/service/recomendation/service.go:151.38,153.34 2 0
backend/internal/service/recomendation/service.go:153.34,154.38 1 0
backend/internal/service/recomendation/service.go:154.38,156.6 1 0
backend/internal/service/recomendation/service.go:158.4,158.36 1 0
backend/internal/service/recomendation/service.go:162.2,163.16 2 0
backend/internal/service/recomendation/service.go:163.16,165.3 1 0
backend/internal/service/recomendation/service.go:168.2,168.20 1 0
backend/internal/service/recomendation/service.go:168.20,170.3 1 0
backend/internal/service/recomendation/service.go:173.2,177.29 4 0
backend/internal/service/recomendation/service.go:177.29,186.52 2 0
backend/internal/service/recomendation/service.go:186.52,188.4 1 0
backend/internal/service/recomendation/service.go:189.3,189.31 1 0
backend/internal/service/recomendation/service.go:193.2,195.20 2 0
[...]
backend/internal/service/workouts/service.go:565.24,567.3 1 1
backend/internal/service/workouts/service.go:569.2,573.22 4 1
backend/internal/service/workouts/service.go:573.22,577.3 3 1
backend/internal/service/workouts/service.go:579.2,585.19 6 0
backend/internal/service/workouts/service.go:588.94,589.33 1 1
backend/internal/service/workouts/service.go:589.33,591.3 1 1
backend/internal/service/workouts/service.go:592.2,594.16 3 1
backend/internal/service/workouts/service.go:594.16,597.3 2 0
backend/internal/service/workouts/service.go:598.2,599.26 2 1
backend/internal/service/workouts/service.go:599.26,601.3 1 1
backend/internal/service/workouts/service.go:602.2,602.14 1 1
backend/internal/service/workouts/service.go:605.82,606.35 1 1
backend/internal/service/workouts/service.go:606.35,608.3 1 1
backend/internal/service/workouts/service.go:609.2,610.37 2 1
backend/internal/service/workouts/service.go:610.37,612.3 1 0
backend/internal/service/workouts/service.go:614.2,615.32 2 1
backend/internal/service/workouts/service.go:615.32,616.36 1 1
backend/internal/service/workouts/service.go:616.36,618.4 1 1
backend/internal/service/workouts/service.go:620.2,620.24 1 1
backend/internal/service/workouts/service.go:623.142,624.60 1 1
backend/internal/service/workouts/service.go:624.60,626.3 1 1
backend/internal/service/workouts/service.go:628.2,629.29 2 1
backend/internal/service/workouts/service.go:629.29,630.50 1 1
backend/internal/service/workouts/service.go:630.50,632.4 1 1
backend/internal/service/workouts/service.go:635.2,635.44 1 1
backend/internal/service/workouts/service.go:635.44,637.3 1 1
backend/internal/service/workouts/service.go:639.2,639.65 1 1
backend/internal/service/workouts/service.go:639.65,642.3 2 1
backend/internal/service/workouts/service.go:644.2,645.37 2 1
backend/internal/service/workouts/service.go:645.37,647.3 1 1
backend/internal/service/workouts/service.go:649.2,649.11 1 1
backend/internal/service/workouts/service.go:652.81,653.23 1 1
backend/internal/service/workouts/service.go:653.23,655.3 1 1
backend/internal/service/workouts/service.go:656.2,656.10 1 1
backend/internal/service/workouts/service.go:659.159,663.40 3 1
backend/internal/service/workouts/service.go:663.40,665.3 1 1
backend/internal/service/workouts/service.go:666.2,668.38 3 1
backend/internal/service/workouts/service.go:668.38,670.3 1 1
backend/internal/service/workouts/service.go:673.2,676.29 3 0
backend/internal/service/workouts/service.go:676.29,677.51 1 0
backend/internal/service/workouts/service.go:677.51,679.4 1 0
backend/internal/service/workouts/service.go:680.3,680.52 1 0
backend/internal/service/workouts/service.go:680.52,682.4 1 0
backend/internal/service/workouts/service.go:685.2,687.31 3 0
backend/internal/service/workouts/service.go:687.31,688.24 1 0
backend/internal/service/workouts/service.go:688.24,691.4 2 0
backend/internal/service/workouts/service.go:694.2,696.32 3 0
backend/internal/service/workouts/service.go:696.32,697.25 1 0
backend/internal/service/workouts/service.go:697.25,700.4 2 0
backend/internal/service/workouts/service.go:703.2,703.28 1 0
backend/internal/service/workouts/service.go:706.157,710.34 3 1
backend/internal/service/workouts/service.go:710.34,711.10 1 1
backend/internal/service/workouts/service.go:712.21,713.25 1 0
backend/internal/service/workouts/service.go:714.11,714.11 0 1
backend/internal/service/workouts/service.go:717.3,718.17 2 1
backend/internal/service/workouts/service.go:718.17,720.4 1 1
backend/internal/service/workouts/service.go:722.3,725.59 3 1
backend/internal/service/workouts/service.go:728.2,728.67 1 1
backend/internal/service/workouts/service.go:731.148,733.16 2 1
backend/internal/service/workouts/service.go:733.16,735.3 1 0
backend/internal/service/workouts/service.go:738.2,741.16 3 1
backend/internal/service/workouts/service.go:741.16,743.3 1 0
backend/internal/service/workouts/service.go:746.2,747.25 2 1
backend/internal/service/workouts/service.go:747.25,749.3 1 1
backend/internal/service/workouts/service.go:751.2,752.16 2 1
backend/internal/service/workouts/service.go:752.16,754.3 1 0
backend/internal/service/workouts/service.go:756.2,756.25 1 1
backend/internal/service/workouts/service.go:756.25,758.3 1 1
backend/internal/service/workouts/service.go:761.2,762.16 2 1
backend/internal/service/workouts/service.go:762.16,764.3 1 0
backend/internal/service/workouts/service.go:765.2,767.25 2 1
backend/internal/service/workouts/service.go:767.25,769.3 1 0
backend/internal/service/workouts/service.go:771.2,779.16 5 1
backend/internal/service/workouts/service.go:779.16,781.3 1 0
backend/internal/service/workouts/service.go:783.2,783.21 1 1
backend/internal/service/workouts/service.go:786.141,793.16 3 1
backend/internal/service/workouts/service.go:793.16,795.3 1 0
backend/internal/service/workouts/service.go:797.2,797.25 1 1
backend/internal/service/workouts/service.go:797.25,800.17 3 1
backend/internal/service/workouts/service.go:800.17,802.4 1 0
backend/internal/service/workouts/service.go:805.2,805.23 1 1
backend/internal/service/workouts/service.go:809.85,812.16 2 1
backend/internal/service/workouts/service.go:812.16,815.3 2 0
backend/internal/service/workouts/service.go:817.2,819.71 2 1
backend/internal/service/workouts/service.go:819.71,831.69 2 1
backend/internal/service/workouts/service.go:831.69,833.4 1 1
backend/internal/service/workouts/service.go:835.3,837.33 2 1
backend/internal/service/workouts/service.go:837.33,839.4 1 1
backend/internal/service/workouts/service.go:841.3,841.89 1 1
backend/internal/service/workouts/service.go:841.89,843.4 1 0
backend/internal/service/workouts/service.go:845.3,845.13 1 1
backend/internal/service/workouts/service.go:848.2,848.16 1 1
backend/internal/service/workouts/service.go:848.16,850.3 1 1
backend/internal/service/workouts/service.go:852.2,853.21 2 1
backend/internal/service/workouts/service.go:856.176,859.31 2 1
backend/internal/service/workouts/service.go:859.31,863.25 3 1
backend/internal/service/workouts/service.go:863.25,864.44 1 1
backend/internal/service/workouts/service.go:864.44,866.5 1 0
backend/internal/service/workouts/service.go:870.3,871.20 2 1
backend/internal/service/workouts/service.go:871.20,873.4 1 0
backend/internal/service/workouts/service.go:875.3,887.43 2 1
backend/internal/service/workouts/service.go:890.2,890.15 1 1
backend/internal/service/workouts/service.go:893.120,897.55 3 0
backend/internal/service/workouts/service.go:897.55,900.3 1 0
backend/internal/service/workouts/service.go:903.2,904.19 2 0
backend/internal/service/workouts/service.go:904.19,906.3 1 0
backend/internal/service/workouts/service.go:909.2,913.23 3 0
backend/internal/service/workouts/service.go:913.23,915.3 1 0
backend/internal/service/workouts/service.go:918.2,919.20 2 0
backend/internal/service/workouts/service.go:919.20,921.3 1 0
backend/internal/service/workouts/service.go:923.2,925.55 2 0
backend/internal/service/workouts/service.go:925.55,927.38 2 0
backend/internal/service/workouts/service.go:927.38,929.4 1 0
backend/internal/service/workouts/service.go:932.2,932.26 1 0
backend/internal/service/workouts/service.go:935.123,936.40 1 1
backend/internal/service/workouts/service.go:936.40,938.3 1 0
backend/internal/service/workouts/service.go:939.2,941.16 3 1
backend/internal/service/workouts/service.go:941.16,943.3 1 0
backend/internal/service/workouts/service.go:944.2,945.29 2 1
backend/internal/service/workouts/service.go:945.29,947.3 1 0
backend/internal/service/workouts/service.go:948.2,948.15 1 1
backend/internal/service/workouts/service.go:951.130,954.37 2 1
backend/internal/service/workouts/service.go:954.37,956.3 1 1
backend/internal/service/workouts/service.go:958.2,959.31 2 1
backend/internal/service/workouts/service.go:959.31,960.53 1 1
backend/internal/service/workouts/service.go:960.53,962.4 1 1
backend/internal/service/workouts/service.go:962.9,964.4 1 1
backend/internal/service/workouts/service.go:967.2,969.37 2 1
backend/internal/service/workouts/service.go:972.120,974.37 2 1
backend/internal/service/workouts/service.go:974.37,976.3 1 0
backend/internal/service/workouts/service.go:978.2,979.29 2 1
backend/internal/service/workouts/service.go:979.29,982.3 2 0
backend/internal/service/workouts/service.go:984.2,986.24 2 1
backend/internal/service/workouts/service.go:986.24,988.3 1 1
backend/internal/service/workouts/service.go:989.2,989.20 1 1
backend/internal/service/workouts/service.go:989.20,991.3 1 1
backend/internal/service/workouts/service.go:993.2,993.17 1 1
backend/internal/service/workouts/service.go:996.105,997.29 1 1
backend/internal/service/workouts/service.go:997.29,999.3 1 1
backend/internal/service/workouts/service.go:1001.2,1002.25 2 1
backend/internal/service/workouts/service.go:1005.89,1009.44 3 1
backend/internal/service/workouts/service.go:1009.44,1011.3 1 1
backend/internal/service/workouts/service.go:1013.2,1013.15 1 1
backend/internal/service/workouts/service.go:1016.99,1020.31 3 1
backend/internal/service/workouts/service.go:1020.31,1023.3 2 1
backend/internal/service/workouts/service.go:1025.2,1025.24 1 1
backend/internal/service/workouts/service.go:1025.24,1028.3 2 1
backend/internal/service/workouts/service.go:1030.2,1030.54 1 1
backend/internal/service/workouts/service.go:1033.158,1034.24 1 1
backend/internal/service/workouts/service.go:1034.24,1036.3 1 1
backend/internal/service/workouts/service.go:1038.2,1041.21 3 1
backend/internal/service/workouts/service.go:1041.21,1043.3 1 1
backend/internal/service/workouts/service.go:1045.2,1045.18 1 1
backend/internal/service/workouts/service.go:1048.125,1051.29 2 1
backend/internal/service/workouts/service.go:1051.29,1054.47 3 1
backend/internal/service/workouts/service.go:1054.47,1056.4 1 1
backend/internal/service/workouts/service.go:1057.3,1057.32 1 1
backend/internal/service/workouts/service.go:1060.2,1060.14 1 1
backend/internal/service/workouts/service.go:1063.130,1067.33 3 1
backend/internal/service/workouts/service.go:1067.33,1068.21 1 1
backend/internal/service/workouts/service.go:1068.21,1070.25 2 1
backend/internal/service/workouts/service.go:1070.25,1073.5 2 1
backend/internal/service/workouts/service.go:1077.2,1077.29 1 1
backend/internal/service/workouts/service.go:1080.91,1081.55 1 1
backend/internal/service/workouts/service.go:1081.55,1083.32 2 1
backend/internal/service/workouts/service.go:1083.32,1085.4 1 1
backend/internal/service/workouts/service.go:1087.2,1087.30 1 1
backend/internal/service/workouts/service.go:1090.107,1092.29 2 1
backend/internal/service/workouts/service.go:1092.29,1093.27 1 1
backend/internal/service/workouts/service.go:1093.27,1095.4 1 1
backend/internal/service/workouts/service.go:1097.2,1097.14 1 1
backend/internal/service/workouts/service.go:1100.97,1104.29 3 1
backend/internal/service/workouts/service.go:1104.29,1107.30 1 1
backend/internal/service/workouts/service.go:1107.30,1109.4 1 1
backend/internal/service/workouts/service.go:1111.2,1111.14 1 1
backend/internal/service/workouts/service.go:1114.97,1117.73 2 0
backend/internal/service/workouts/service.go:1117.73,1119.3 1 0
backend/internal/service/workouts/service.go:1122.98,1126.16 3 1
backend/internal/service/workouts/service.go:1126.16,1128.3 1 1
backend/internal/service/workouts/service.go:1130.2,1130.47 1 1
backend/internal/service/workouts/service.go:1130.47,1142.61 2 1
backend/internal/service/workouts/service.go:1142.61,1144.4 1 0
backend/internal/service/workouts/service.go:1147.2,1147.47 1 1
backend/internal/service/workouts/service.go:1147.47,1158.61 2 1
backend/internal/service/workouts/service.go:1158.61,1160.4 1 0
backend/internal/service/workouts/service.go:1163.2,1163.36 1 1
backend/internal/service/workouts/service.go:1163.36,1165.17 2 1
backend/internal/service/workouts/service.go:1165.17,1167.4 1 0
backend/internal/service/workouts/service.go:1168.3,1168.34 1 1
backend/internal/service/workouts/service.go:1168.34,1180.62 2 1
backend/internal/service/workouts/service.go:1180.62,1182.5 1 0
backend/internal/service/workouts/service.go:1186.2,1186.12 1 1
backend/internal/service/workouts/service.go:1189.124,1191.15 2 1
backend/internal/service/workouts/service.go:1191.15,1191.63 1 1
backend/internal/service/workouts/service.go:1193.2,1196.30 2 1
backend/internal/service/workouts/service.go:1196.30,1200.3 3 1
backend/internal/service/workouts/service.go:1202.2,1205.16 3 1
backend/internal/service/workouts/service.go:1205.16,1207.3 1 0
backend/internal/service/workouts/service.go:1209.2,1209.25 1 1
backend/internal/service/workouts/service.go:1209.25,1211.3 1 1
backend/internal/service/workouts/service.go:1214.2,1215.16 2 1
backend/internal/service/workouts/service.go:1215.16,1217.3 1 0
backend/internal/service/workouts/service.go:1218.2,1220.25 2 1
backend/internal/service/workouts/service.go:1220.25,1222.3 1 0
backend/internal/service/workouts/service.go:1224.2,1230.41 3 1
backend/internal/service/workouts/service.go:1230.41,1232.3 1 1
backend/internal/service/workouts/service.go:1234.2,1239.16 4 1
backend/internal/service/workouts/service.go:1239.16,1241.3 1 0
backend/internal/service/workouts/service.go:1243.2,1246.21 2 1
backend/internal/service/workouts/service.go:1249.79,1251.18 2 1
backend/internal/service/workouts/service.go:1251.18,1253.3 1 1
backend/internal/service/workouts/service.go:1255.2,1255.16 1 1
backend/internal/service/workouts/service.go:1256.29,1257.22 1 1
backend/internal/service/workouts/service.go:1258.30,1259.24 1 1
backend/internal/service/workouts/service.go:1260.28,1261.24 1 1
backend/internal/service/workouts/service.go:1262.10,1263.18 1 1
backend/internal/service/workouts/service.go:1267.107,1271.31 3 1
backend/internal/service/workouts/service.go:1271.31,1274.3 2 1
backend/internal/service/workouts/service.go:1276.2,1276.24 1 1
backend/internal/service/workouts/service.go:1276.24,1279.3 2 1
backend/internal/service/workouts/service.go:1281.2,1281.54 1 1
backend/internal/service/workouts/service.go:1284.103,1285.69 1 1
backend/internal/service/workouts/service.go:1285.69,1287.17 2 1
backend/internal/service/workouts/service.go:1287.17,1289.4 1 1
backend/internal/service/workouts/service.go:1291.2,1291.24 1 1
backend/internal/service/workouts/service.go:1294.143,1295.27 1 1
backend/internal/service/workouts/service.go:1295.27,1297.3 1 1
backend/internal/service/workouts/service.go:1298.2,1298.30 1 1
backend/internal/service/workouts/service.go:1301.159,1305.33 2 1
backend/internal/service/workouts/service.go:1305.33,1307.3 1 1
backend/internal/service/workouts/service.go:1309.2,1309.32 1 1
backend/internal/service/workouts/service.go:1309.32,1311.3 1 1
backend/internal/service/workouts/service.go:1313.2,1314.16 2 1
backend/internal/service/workouts/service.go:1314.16,1316.3 1 0
backend/internal/service/workouts/service.go:1318.2,1318.56 1 1
backend/internal/service/workouts/service.go:1318.56,1321.17 3 1
backend/internal/service/workouts/service.go:1321.17,1323.4 1 0
backend/internal/service/workouts/service.go:1326.2,1326.55 1 1
backend/internal/service/workouts/service.go:1326.55,1329.17 3 1
backend/internal/service/workouts/service.go:1329.17,1331.4 1 0
backend/internal/service/workouts/service.go:1334.2,1334.23 1 1
backend/internal/service/workouts/service.go:1337.129,1339.34 2 1
backend/internal/service/workouts/service.go:1339.34,1341.47 2 1
backend/internal/service/workouts/service.go:1341.47,1343.4 1 1
backend/internal/service/workouts/service.go:1344.3,1344.47 1 1
backend/internal/service/workouts/service.go:1344.47,1346.4 1 1
backend/internal/service/workouts/service.go:1347.8,1349.3 1 1
backend/internal/service/workouts/service.go:1351.2,1351.37 1 1
backend/internal/service/workouts/service.go:1351.37,1353.3 1 1
backend/internal/service/workouts/service.go:1356.2,1356.32 1 1
backend/internal/service/workouts/service.go:1356.32,1358.3 1 0
backend/internal/service/workouts/service.go:1361.2,1361.66 1 1
backend/internal/service/workouts/service.go:1366.135,1368.48 2 1
backend/internal/service/workouts/service.go:1368.48,1370.27 2 1
backend/internal/service/workouts/service.go:1370.27,1371.9 1 0
backend/internal/service/workouts/service.go:1373.3,1373.43 1 1
backend/internal/service/workouts/service.go:1375.2,1375.18 1 1
backend/internal/service/workouts/service.go:1378.118,1381.16 3 1
backend/internal/service/workouts/service.go:1381.16,1383.3 1 1
backend/internal/service/workouts/service.go:1384.2,1385.31 2 1
backend/internal/service/workouts/service.go:1385.31,1387.3 1 1
backend/internal/service/workouts/service.go:1388.2,1388.15 1 1
backend/internal/service/workouts/service.go:1391.142,1392.23 1 1
backend/internal/service/workouts/service.go:1392.23,1394.3 1 1
backend/internal/service/workouts/service.go:1395.2,1397.31 3 1
backend/internal/service/workouts/service.go:1397.31,1399.13 2 1
backend/internal/service/workouts/service.go:1399.13,1401.12 2 0
backend/internal/service/workouts/service.go:1404.3,1404.63 1 1
backend/internal/service/workouts/service.go:1404.63,1405.12 1 1
backend/internal/service/workouts/service.go:1407.3,1407.30 1 1
backend/internal/service/workouts/service.go:1409.2,1409.15 1 1
backend/internal/service/workouts/service.go:1412.49,1413.11 1 1
backend/internal/service/workouts/service.go:1414.28,1415.11 1 1
backend/internal/service/workouts/service.go:1416.65,1417.11 1 1
backend/internal/service/workouts/service.go:1418.23,1419.11 1 1
backend/internal/service/workouts/service.go:1420.10,1421.11 1 0
backend/internal/service/workouts/service.go:1425.80,1428.47 3 1
backend/internal/service/workouts/service.go:1428.47,1430.3 1 1
backend/internal/service/workouts/service.go:1431.2,1431.15 1 1
backend/internal/service/workouts/service.go:1434.93,1435.17 1 1
backend/internal/service/workouts/service.go:1435.17,1437.3 1 1
backend/internal/service/workouts/service.go:1438.2,1439.9 2 1
backend/internal/service/workouts/service.go:1440.21,1441.13 1 1
backend/internal/service/workouts/service.go:1442.22,1444.35 1 1
backend/internal/service/workouts/service.go:1444.35,1446.4 1 1
backend/internal/service/workouts/service.go:1447.3,1447.13 1 1
backend/internal/service/workouts/service.go:1448.10,1449.13 1 1
backend/internal/service/workouts/service.go:1453.111,1455.9 2 1
backend/internal/service/workouts/service.go:1456.31,1458.35 1 1
backend/internal/service/workouts/service.go:1458.35,1460.4 1 1
backend/internal/service/workouts/service.go:1461.3,1461.25 1 1
backend/internal/service/workouts/service.go:1462.32,1463.28 1 1
backend/internal/service/workouts/service.go:1464.10,1465.12 1 1
backend/internal/service/workouts/service.go:1469.119,1471.31 2 1
backend/internal/service/workouts/service.go:1471.31,1473.3 1 1
backend/internal/service/workouts/service.go:1475.2,1476.24 2 1
backend/internal/service/workouts/service.go:1476.24,1478.3 1 1
backend/internal/service/workouts/service.go:1480.2,1480.30 1 1
backend/internal/service/workouts/service.go:1480.30,1482.3 1 1
backend/internal/service/workouts/service.go:1484.2,1490.35 5 1
backend/internal/service/workouts/service.go:1490.35,1492.20 2 1
backend/internal/service/workouts/service.go:1492.20,1494.4 1 0
backend/internal/service/workouts/service.go:1496.3,1497.33 2 1
backend/internal/service/workouts/service.go:1497.33,1499.4 1 1
backend/internal/service/workouts/service.go:1501.3,1501.16 1 1
backend/internal/service/workouts/service.go:1501.16,1503.4 1 1
backend/internal/service/workouts/service.go:1506.2,1506.33 1 1
backend/internal/service/workouts/service.go:1506.33,1508.32 2 1
backend/internal/service/workouts/service.go:1508.32,1510.31 2 1
backend/internal/service/workouts/service.go:1510.31,1511.26 1 1
backend/internal/service/workouts/service.go:1511.26,1513.11 2 1
backend/internal/service/workouts/service.go:1516.4,1516.14 1 1
backend/internal/service/workouts/service.go:1516.14,1518.5 1 1
backend/internal/service/workouts/service.go:1521.3,1522.45 2 1
backend/internal/service/workouts/service.go:1525.2,1525.37 1 1
